Unity Editor version:    2021.3.10f1 (1c7d0df0160b)
Branch:                  2021.3/staging
Build type:              Release
Batch mode:              YES
macOS version:           Version 12.6 (Build 21G115)
Darwin version:          21.6.0
Architecture:            x86_64
Running under Rosetta:   NO
Available memory:        8192 MB
Using pre-set license
Pro License: YES

COMMAND LINE ARGUMENTS:
/Applications/Unity/Hub/Editor/2021.3.10f1/Unity.app/Contents/MacOS/Unity
-adb2
-batchMode
-noUpm
-name
AssetImportWorker0
-projectPath
/Users/isaacotero/Build/F.I.R.E
-logFile
Logs/AssetImportWorker0.log
-srvPort
51482
Successfully changed project path to: /Users/isaacotero/Build/F.I.R.E
/Users/isaacotero/Build/F.I.R.E
[UnityMemory] Configuration Parameters - Can be set up in boot.config
    "memorysetup-bucket-allocator-granularity=16"
    "memorysetup-bucket-allocator-bucket-count=8"
    "memorysetup-bucket-allocator-block-size=33554432"
    "memorysetup-bucket-allocator-block-count=8"
    "memorysetup-main-allocator-block-size=16777216"
    "memorysetup-thread-allocator-block-size=16777216"
    "memorysetup-gfx-main-allocator-block-size=16777216"
    "memorysetup-gfx-thread-allocator-block-size=16777216"
    "memorysetup-cache-allocator-block-size=4194304"
    "memorysetup-typetree-allocator-block-size=2097152"
    "memorysetup-profiler-bucket-allocator-granularity=16"
    "memorysetup-profiler-bucket-allocator-bucket-count=8"
    "memorysetup-profiler-bucket-allocator-block-size=33554432"
    "memorysetup-profiler-bucket-allocator-block-count=8"
    "memorysetup-profiler-allocator-block-size=16777216"
    "memorysetup-profiler-editor-allocator-block-size=1048576"
    "memorysetup-temp-allocator-size-main=16777216"
    "memorysetup-job-temp-allocator-block-size=2097152"
    "memorysetup-job-temp-allocator-block-size-background=1048576"
    "memorysetup-job-temp-allocator-reduction-small-platforms=262144"
    "memorysetup-temp-allocator-size-background-worker=32768"
    "memorysetup-temp-allocator-size-job-worker=262144"
    "memorysetup-temp-allocator-size-preload-manager=33554432"
    "memorysetup-temp-allocator-size-nav-mesh-worker=65536"
    "memorysetup-temp-allocator-size-audio-worker=65536"
    "memorysetup-temp-allocator-size-cloud-worker=32768"
    "memorysetup-temp-allocator-size-gi-baking-worker=262144"
    "memorysetup-temp-allocator-size-gfx=262144"
Refreshing native plugins compatible for Editor in 229.54 ms, found 6 plugins.
Plugins: Couldn't open Assets/Oculus/Spatializer/Plugins/AudioPluginOculusSpatializer.bundle/Contents/MacOS/AudioPluginOculusSpatializer, error: dlopen(Assets/Oculus/Spatializer/Plugins/AudioPluginOculusSpatializer.bundle/Contents/MacOS/AudioPluginOculusSpatializer, 0x0002): Library not loaded: '@rpath/libthird-party_pffft_pffft.dylib'
  Referenced from: '/Users/isaacotero/Build/F.I.R.E/Assets/Oculus/Spatializer/Plugins/AudioPluginOculusSpatializer.bundle/Contents/MacOS/AudioPluginOculusSpatializer'
  Reason: tried: '/Applications/Unity/Hub/Editor/2021.3.10f1/Unity.app/Contents/MacOS/../Frameworks/libthird-party_pffft_pffft.dylib' (no such file), '/Applications/Unity/Hub/Editor/2021.3.10f1/Unity.app/Contents/MacOS/../Frameworks/libthird-party_pffft_pffft.dylib' (no such file), '/usr/local/lib/libthird-party_pffft_pffft.dylib' (no such file), '/usr/lib/libthird-party_pffft_pffft.dylib' (no such file)
Preloading 1 native plugins for Editor in 3.11 ms.
Initialize engine version: 2021.3.10f1 (1c7d0df0160b)
[Subsystems] Discovering subsystems at path /Applications/Unity/Hub/Editor/2021.3.10f1/Unity.app/Contents/Resources/UnitySubsystems
[Subsystems] Discovering subsystems at path /Users/isaacotero/Build/F.I.R.E/Assets
GfxDevice: creating device client; threaded=0; jobified=0
Color LCD preferred device: Intel(R) Iris(TM) Graphics 550 (low power)
Metal devices available: 1
0: Intel(R) Iris(TM) Graphics 550 (low power)
Using device Intel(R) Iris(TM) Graphics 550 (low power)
Initializing Metal device caps: Intel(R) Iris(TM) Graphics 550
Shader 'Oculus/OVRMRCameraFrameLit': fallback shader 'Alpha-Diffuse' not found
Initialize mono
Mono path[0] = '/Applications/Unity/Hub/Editor/2021.3.10f1/Unity.app/Contents/Managed'
Mono path[1] = '/Applications/Unity/Hub/Editor/2021.3.10f1/Unity.app/Contents/MonoBleedingEdge/lib/mono/unityjit-macos'
Mono config path = '/Applications/Unity/Hub/Editor/2021.3.10f1/Unity.app/Contents/MonoBleedingEdge/etc'
Using monoOptions --debugger-agent=transport=dt_socket,embedding=1,server=y,suspend=n,address=127.0.0.1:56626
Begin MonoManager ReloadAssembly
Registering precompiled unity dll's ...
Register platform support module: /Applications/Unity/Hub/Editor/2021.3.10f1/PlaybackEngines/WebGLSupport/UnityEditor.WebGL.Extensions.dll
Register platform support module: /Applications/Unity/Hub/Editor/2021.3.10f1/Unity.app/Contents/PlaybackEngines/MacStandaloneSupport/UnityEditor.OSXStandalone.Extensions.dll
Register platform support module: /Applications/Unity/Hub/Editor/2021.3.10f1/PlaybackEngines/AndroidPlayer/UnityEditor.Android.Extensions.dll
Register platform support module: /Applications/Unity/Hub/Editor/2021.3.10f1/PlaybackEngines/WindowsStandaloneSupport/UnityEditor.WindowsStandalone.Extensions.dll
Registered in 0.008798 seconds.
Native extension for WindowsStandalone target not found
Native extension for Android target not found
Native extension for OSXStandalone target not found
Native extension for WebGL target not found
Refreshing native plugins compatible for Editor in 218.08 ms, found 6 plugins.
Plugins: Couldn't open /Users/isaacotero/Build/F.I.R.E/Assets/Oculus/Spatializer/Plugins/AudioPluginOculusSpatializer.bundle/Contents/MacOS/AudioPluginOculusSpatializer, error: dlopen(/Users/isaacotero/Build/F.I.R.E/Assets/Oculus/Spatializer/Plugins/AudioPluginOculusSpatializer.bundle/Contents/MacOS/AudioPluginOculusSpatializer, 0x0002): Library not loaded: '@rpath/libthird-party_pffft_pffft.dylib'
  Referenced from: '/Users/isaacotero/Build/F.I.R.E/Assets/Oculus/Spatializer/Plugins/AudioPluginOculusSpatializer.bundle/Contents/MacOS/AudioPluginOculusSpatializer'
  Reason: tried: '/Applications/Unity/Hub/Editor/2021.3.10f1/Unity.app/Contents/MacOS/../Frameworks/libthird-party_pffft_pffft.dylib' (no such file), '/Applications/Unity/Hub/Editor/2021.3.10f1/Unity.app/Contents/MacOS/../Frameworks/libthird-party_pffft_pffft.dylib' (no such file), '/usr/local/lib/libthird-party_pffft_pffft.dylib' (no such file), '/usr/lib/libthird-party_pffft_pffft.dylib' (no such file)
Preloading 1 native plugins for Editor in 0.49 ms.
Mono: successfully reloaded assembly
- Completed reload, in  1.651 seconds
Domain Reload Profiling:
	ReloadAssembly (1652ms)
		BeginReloadAssembly (633ms)
			ExecutionOrderSort (0ms)
			DisableScriptedObjects (0ms)
			BackupInstance (0ms)
			ReleaseScriptingObjects (0ms)
			CreateAndSetChildDomain (2ms)
		EndReloadAssembly (832ms)
			LoadAssemblies (656ms)
			RebuildTransferFunctionScriptingTraits (0ms)
			SetupTypeCache (178ms)
			ReleaseScriptCaches (0ms)
			RebuildScriptCaches (45ms)
			SetupLoadedEditorAssemblies (511ms)
				LogAssemblyErrors (0ms)
				InitializePlatformSupportModulesInManaged (85ms)
				SetLoadedEditorAssemblies (0ms)
				RefreshPlugins (219ms)
				BeforeProcessingInitializeOnLoad (2ms)
				ProcessInitializeOnLoadAttributes (139ms)
				ProcessInitializeOnLoadMethodAttributes (66ms)
				AfterProcessingInitializeOnLoad (0ms)
				EditorAssembliesLoaded (0ms)
			ExecutionOrderSort2 (0ms)
			AwakeInstancesAfterBackupRestoration (0ms)
Platform modules already initialized, skipping
Registering precompiled user dll's ...
Registered in 0.015735 seconds.
Android Extension - Scanning For ADB Devices 3961 ms
Begin MonoManager ReloadAssembly
Symbol file LoadedFromMemory doesn't match image /Users/isaacotero/Build/F.I.R.E/Library/PackageCache/com.unity.visualscripting@1.7.8/Editor/VisualScripting.Core/Dependencies/DotNetZip/Unity.VisualScripting.IonicZip.dll
Symbol file LoadedFromMemory doesn't match image /Users/isaacotero/Build/F.I.R.E/Library/PackageCache/com.unity.visualscripting@1.7.8/Editor/VisualScripting.Core/Dependencies/YamlDotNet/Unity.VisualScripting.YamlDotNet.dll
Native extension for WindowsStandalone target not found
Native extension for Android target not found
Native extension for OSXStandalone target not found
Native extension for WebGL target not found
Refreshing native plugins compatible for Editor in 1.35 ms, found 6 plugins.
Plugins: Couldn't open /Users/isaacotero/Build/F.I.R.E/Assets/Oculus/Spatializer/Plugins/AudioPluginOculusSpatializer.bundle/Contents/MacOS/AudioPluginOculusSpatializer, error: dlopen(/Users/isaacotero/Build/F.I.R.E/Assets/Oculus/Spatializer/Plugins/AudioPluginOculusSpatializer.bundle/Contents/MacOS/AudioPluginOculusSpatializer, 0x0002): Library not loaded: '@rpath/libthird-party_pffft_pffft.dylib'
  Referenced from: '/Users/isaacotero/Build/F.I.R.E/Assets/Oculus/Spatializer/Plugins/AudioPluginOculusSpatializer.bundle/Contents/MacOS/AudioPluginOculusSpatializer'
  Reason: tried: '/Applications/Unity/Hub/Editor/2021.3.10f1/Unity.app/Contents/MacOS/../Frameworks/libthird-party_pffft_pffft.dylib' (no such file), '/Applications/Unity/Hub/Editor/2021.3.10f1/Unity.app/Contents/MacOS/../Frameworks/libthird-party_pffft_pffft.dylib' (no such file), '/usr/local/lib/libthird-party_pffft_pffft.dylib' (no such file), '/usr/lib/libthird-party_pffft_pffft.dylib' (no such file)
Preloading 1 native plugins for Editor in 0.67 ms.
Package Manager log level set to [2]
Mono: successfully reloaded assembly
- Completed reload, in  2.894 seconds
Domain Reload Profiling:
	ReloadAssembly (2897ms)
		BeginReloadAssembly (443ms)
			ExecutionOrderSort (0ms)
			DisableScriptedObjects (17ms)
			BackupInstance (0ms)
			ReleaseScriptingObjects (0ms)
			CreateAndSetChildDomain (71ms)
		EndReloadAssembly (2117ms)
			LoadAssemblies (862ms)
			RebuildTransferFunctionScriptingTraits (0ms)
			SetupTypeCache (537ms)
			ReleaseScriptCaches (4ms)
			RebuildScriptCaches (168ms)
			SetupLoadedEditorAssemblies (674ms)
				LogAssemblyErrors (0ms)
				InitializePlatformSupportModulesInManaged (20ms)
				SetLoadedEditorAssemblies (1ms)
				RefreshPlugins (2ms)
				BeforeProcessingInitializeOnLoad (133ms)
				ProcessInitializeOnLoadAttributes (469ms)
				ProcessInitializeOnLoadMethodAttributes (47ms)
				AfterProcessingInitializeOnLoad (2ms)
				EditorAssembliesLoaded (0ms)
			ExecutionOrderSort2 (0ms)
			AwakeInstancesAfterBackupRestoration (6ms)
Platform modules already initialized, skipping
========================================================================
Worker process is ready to serve import requests
Shader 'Oculus/OVRMRCameraFrameLit': fallback shader 'Alpha-Diffuse' not found
Launching external process: /Applications/Unity/Hub/Editor/2021.3.10f1/Unity.app/Contents/Tools/UnityShaderCompiler
Launched and connected shader compiler UnityShaderCompiler after 0.15 seconds
Refreshing native plugins compatible for Editor in 2.32 ms, found 6 plugins.
Plugins: Couldn't open /Users/isaacotero/Build/F.I.R.E/Assets/Oculus/Spatializer/Plugins/AudioPluginOculusSpatializer.bundle/Contents/MacOS/AudioPluginOculusSpatializer, error: dlopen(/Users/isaacotero/Build/F.I.R.E/Assets/Oculus/Spatializer/Plugins/AudioPluginOculusSpatializer.bundle/Contents/MacOS/AudioPluginOculusSpatializer, 0x0002): Library not loaded: '@rpath/libthird-party_pffft_pffft.dylib'
  Referenced from: '/Users/isaacotero/Build/F.I.R.E/Assets/Oculus/Spatializer/Plugins/AudioPluginOculusSpatializer.bundle/Contents/MacOS/AudioPluginOculusSpatializer'
  Reason: tried: '/Applications/Unity/Hub/Editor/2021.3.10f1/Unity.app/Contents/MacOS/../Frameworks/libthird-party_pffft_pffft.dylib' (no such file), '/Applications/Unity/Hub/Editor/2021.3.10f1/Unity.app/Contents/MacOS/../Frameworks/libthird-party_pffft_pffft.dylib' (no such file), '/usr/local/lib/libthird-party_pffft_pffft.dylib' (no such file), '/usr/lib/libthird-party_pffft_pffft.dylib' (no such file)
Preloading 1 native plugins for Editor in 0.58 ms.
Unloading 4679 Unused Serialized files (Serialized files now loaded: 0)
Unloading 57 unused Assets / (214.1 KB). Loaded Objects now: 5116.
Memory consumption went from 297.3 MB to 297.1 MB.
Total: 7.253797 ms (FindLiveObjects: 0.801385 ms CreateObjectMapping: 0.650037 ms MarkObjects: 5.373468 ms  DeleteObjects: 0.427458 ms)

AssetImportParameters requested are different than current active one (requested -> active):
  custom:video-decoder-ogg-theora: a1e56fd34408186e4bbccfd4996cb3dc -> 
  custom:container-muxer-webm: aa71ff27fc2769a1b78a27578f13a17b -> 
  custom:container-demuxer-webm: 4f35f7cbe854078d1ac9338744f61a02 -> 
  custom:video-encoder-webm-vp8: eb34c28f22e8b96e1ab97ce403110664 -> 
  custom:framework-osx-AVFoundation: e770b220cccbd017edd2c1fefb359320 -> 
  custom:audio-encoder-webm-vorbis: bf7c407c2cedff20999df2af8eb42d56 -> 
  custom:container-demuxer-ogg: 62fdf1f143b41e24485cea50d1cbac27 -> 
  custom:video-decoder-webm-vp8: 9c59270c3fd7afecdb556c50c9e8de78 -> 
  custom:audio-decoder-ogg-vorbis: bf7c407c2cedff20999df2af8eb42d56 -> 
========================================================================
Received Import Request.
  Time since last request: 10343.618195 seconds.
  path: Assets/Oculus/AudioManager/Audio/TestSounds/metal_sliding_door_open_01.wav
  artifactKey: Guid(7000b4d67a1320940b363f3cf891dfff) Importer(815301076,1909f56bfc062723c751e8b465ee728b)
Start importing Assets/Oculus/AudioManager/Audio/TestSounds/metal_sliding_door_open_01.wav using Guid(7000b4d67a1320940b363f3cf891dfff) Importer(815301076,1909f56bfc062723c751e8b465ee728b)  -> (artifact id: 'a48500bdcef42df6e32c46167a510d73') in 2.239636 seconds 
========================================================================
Received Import Request.
  Time since last request: 0.000126 seconds.
  path: Assets/Oculus/Interaction/Samples/Objects/Environment/Room/Materials/WindowStencilWriter.mat
  artifactKey: Guid(90969dd5aecc40c438a178ce4c40aa8f) Importer(815301076,1909f56bfc062723c751e8b465ee728b)
Start importing Assets/Oculus/Interaction/Samples/Objects/Environment/Room/Materials/WindowStencilWriter.mat using Guid(90969dd5aecc40c438a178ce4c40aa8f) Importer(815301076,1909f56bfc062723c751e8b465ee728b)  -> (artifact id: 'cafc51eb8814d486d742a03952b367be') in 0.436281 seconds 
========================================================================
Received Import Request.
  Time since last request: 0.000119 seconds.
  path: Assets/Oculus/SampleFramework/Usage/SharedAssets/Models/door_01.fbx
  artifactKey: Guid(1abf38d82ed5948a6a28aad10d61b678) Importer(815301076,1909f56bfc062723c751e8b465ee728b)
Start importing Assets/Oculus/SampleFramework/Usage/SharedAssets/Models/door_01.fbx using Guid(1abf38d82ed5948a6a28aad10d61b678) Importer(815301076,1909f56bfc062723c751e8b465ee728b) WARNING: RGBA Compressed ASTC6X6 sRGB format is not supported, decompressing texture
WARNING: RGBA Compressed ASTC6X6 UNorm format is not supported, decompressing texture
WARNING: RGBA Compressed ASTC6X6 sRGB format is not supported, decompressing texture
WARNING: RGBA Compressed ASTC6X6 sRGB format is not supported, decompressing texture
 -> (artifact id: 'dbcfc7ad2253ac070871703b7c05ec99') in 0.882273 seconds 
========================================================================
Received Import Request.
  Time since last request: 0.000287 seconds.
  path: Assets/Oculus/SampleFramework/Usage/HandsTrainExample/Materials/WindmillMaterial.mat
  artifactKey: Guid(4f0bb7c7f0bfb2943bdce5930449225e) Importer(815301076,1909f56bfc062723c751e8b465ee728b)
Start importing Assets/Oculus/SampleFramework/Usage/HandsTrainExample/Materials/WindmillMaterial.mat using Guid(4f0bb7c7f0bfb2943bdce5930449225e) Importer(815301076,1909f56bfc062723c751e8b465ee728b) WARNING: RGBA Compressed ASTC6X6 sRGB format is not supported, decompressing texture
WARNING: RGBA Compressed ASTC6X6 UNorm format is not supported, decompressing texture
WARNING: RGBA Compressed ASTC6X6 sRGB format is not supported, decompressing texture
 -> (artifact id: '088982dcee4f2848160f57b8f58afc64') in 0.390689 seconds 
========================================================================
Received Import Request.
  Time since last request: 0.000158 seconds.
  path: Assets/Oculus/SampleFramework/Usage/SceneManager/Prefabs/FurniturePrefabs/DoorPrefab.prefab
  artifactKey: Guid(803133f69c1b27047946a5c125b88814) Importer(815301076,1909f56bfc062723c751e8b465ee728b)
Start importing Assets/Oculus/SampleFramework/Usage/SceneManager/Prefabs/FurniturePrefabs/DoorPrefab.prefab using Guid(803133f69c1b27047946a5c125b88814) Importer(815301076,1909f56bfc062723c751e8b465ee728b)  -> (artifact id: 'a7adda2154a7ff016dc592bf191431e8') in 0.211995 seconds 
========================================================================
Received Import Request.
  Time since last request: 0.000325 seconds.
  path: Assets/Oculus/VR/Textures/windowgui.png
  artifactKey: Guid(a26663690a6580440963aa46e582c35b) Importer(815301076,1909f56bfc062723c751e8b465ee728b)
Start importing Assets/Oculus/VR/Textures/windowgui.png using Guid(a26663690a6580440963aa46e582c35b) Importer(815301076,1909f56bfc062723c751e8b465ee728b)  -> (artifact id: 'b243eacb8912aab649c46ec34f196436') in 0.304455 seconds 
========================================================================
Received Import Request.
  Time since last request: 0.000134 seconds.
  path: Assets/Oculus/AudioManager/Audio/TestSounds/metal_sliding_door_open_01a.wav
  artifactKey: Guid(8198ccc08475a764daaf226b841a55f1) Importer(815301076,1909f56bfc062723c751e8b465ee728b)
Start importing Assets/Oculus/AudioManager/Audio/TestSounds/metal_sliding_door_open_01a.wav using Guid(8198ccc08475a764daaf226b841a55f1) Importer(815301076,1909f56bfc062723c751e8b465ee728b)  -> (artifact id: 'e4cc698b10f124994d6995d5a3faab83') in 0.020700 seconds 
========================================================================
Received Import Request.
  Time since last request: 0.000132 seconds.
  path: Assets/Oculus/SampleFramework/Usage/SceneManager/Materials/WindowHole.mat
  artifactKey: Guid(d59a9f09401dbba4e85df048fdd5aa73) Importer(815301076,1909f56bfc062723c751e8b465ee728b)
Start importing Assets/Oculus/SampleFramework/Usage/SceneManager/Materials/WindowHole.mat using Guid(d59a9f09401dbba4e85df048fdd5aa73) Importer(815301076,1909f56bfc062723c751e8b465ee728b)  -> (artifact id: '68e10af9b81c63ed86e582cd90490a88') in 0.017571 seconds 
========================================================================
Received Import Request.
  Time since last request: 0.000108 seconds.
  path: Assets/Oculus/SampleFramework/Usage/HandsTrainExample/Audio/Windmill_Rotate_Slow_Loop.wav
  artifactKey: Guid(3ef834ceeeca4c54580b469caf1a1882) Importer(815301076,1909f56bfc062723c751e8b465ee728b)
Start importing Assets/Oculus/SampleFramework/Usage/HandsTrainExample/Audio/Windmill_Rotate_Slow_Loop.wav using Guid(3ef834ceeeca4c54580b469caf1a1882) Importer(815301076,1909f56bfc062723c751e8b465ee728b)  -> (artifact id: '5b7e29336a82df7ce6611206de703093') in 0.018345 seconds 
========================================================================
Received Import Request.
  Time since last request: 0.000138 seconds.
  path: Assets/Oculus/SampleFramework/Usage/HandsTrainExample/Audio/Windmill_Start.wav
  artifactKey: Guid(b70c21d718005834ca7e7f3c7a6fdd88) Importer(815301076,1909f56bfc062723c751e8b465ee728b)
Start importing Assets/Oculus/SampleFramework/Usage/HandsTrainExample/Audio/Windmill_Start.wav using Guid(b70c21d718005834ca7e7f3c7a6fdd88) Importer(815301076,1909f56bfc062723c751e8b465ee728b)  -> (artifact id: 'f6f415f63e743a1a9bfa6c8ba55fd112') in 0.024817 seconds 
========================================================================
Received Import Request.
  Time since last request: 0.000102 seconds.
  path: Assets/Oculus/SampleFramework/Usage/SceneManager/Prefabs/FurniturePrefabs/WindowPrefab.prefab
  artifactKey: Guid(ea9dc18d693f4bc4180075631acbcf0e) Importer(815301076,1909f56bfc062723c751e8b465ee728b)
Start importing Assets/Oculus/SampleFramework/Usage/SceneManager/Prefabs/FurniturePrefabs/WindowPrefab.prefab using Guid(ea9dc18d693f4bc4180075631acbcf0e) Importer(815301076,1909f56bfc062723c751e8b465ee728b)  -> (artifact id: 'e6724907abc949ae20a6b86215f42c35') in 0.033986 seconds 
========================================================================
Received Import Request.
  Time since last request: 0.000090 seconds.
  path: Assets/Oculus/AudioManager/Audio/TestSounds/metal_sliding_door_close_01a.wav
  artifactKey: Guid(d3994560fb567c34a821fd9355c10eef) Importer(815301076,1909f56bfc062723c751e8b465ee728b)
Start importing Assets/Oculus/AudioManager/Audio/TestSounds/metal_sliding_door_close_01a.wav using Guid(d3994560fb567c34a821fd9355c10eef) Importer(815301076,1909f56bfc062723c751e8b465ee728b)  -> (artifact id: 'f15e877fca16edce764bc45add0b2a06') in 0.021787 seconds 
========================================================================
Received Import Request.
  Time since last request: 0.000123 seconds.
  path: Assets/Oculus/SampleFramework/Usage/SharedAssets/Models/window_01.fbx
  artifactKey: Guid(3db81a724e4894e27841d803d4a6bb56) Importer(815301076,1909f56bfc062723c751e8b465ee728b)
Start importing Assets/Oculus/SampleFramework/Usage/SharedAssets/Models/window_01.fbx using Guid(3db81a724e4894e27841d803d4a6bb56) Importer(815301076,1909f56bfc062723c751e8b465ee728b) WARNING: RGBA Compressed ASTC6X6 sRGB format is not supported, decompressing texture
WARNING: RGBA Compressed ASTC6X6 sRGB format is not supported, decompressing texture
WARNING: RGBA Compressed ASTC6X6 UNorm format is not supported, decompressing texture
WARNING: RGBA Compressed ASTC6X6 sRGB format is not supported, decompressing texture
WARNING: RGBA Compressed ASTC6X6 sRGB format is not supported, decompressing texture
WARNING: RGBA Compressed ASTC6X6 UNorm format is not supported, decompressing texture
WARNING: RGBA Compressed ASTC6X6 sRGB format is not supported, decompressing texture
 -> (artifact id: '55c351984aa78b6193e9873e82ef795c') in 0.883241 seconds 
========================================================================
Received Import Request.
  Time since last request: 0.000221 seconds.
  path: Assets/Oculus/SampleFramework/Usage/SharedAssets/Models/doorframe_01.fbx
  artifactKey: Guid(0c7bd497493fc42dd99a9a6f1a4342cd) Importer(815301076,1909f56bfc062723c751e8b465ee728b)
Start importing Assets/Oculus/SampleFramework/Usage/SharedAssets/Models/doorframe_01.fbx using Guid(0c7bd497493fc42dd99a9a6f1a4342cd) Importer(815301076,1909f56bfc062723c751e8b465ee728b) WARNING: RGBA Compressed ASTC6X6 sRGB format is not supported, decompressing texture
WARNING: RGBA Compressed ASTC6X6 UNorm format is not supported, decompressing texture
WARNING: RGBA Compressed ASTC6X6 sRGB format is not supported, decompressing texture
WARNING: RGBA Compressed ASTC6X6 sRGB format is not supported, decompressing texture
 -> (artifact id: '249b2145bb6be7debdcd5f6aea14190b') in 0.642490 seconds 
========================================================================
Received Import Request.
  Time since last request: 0.000096 seconds.
  path: Assets/Oculus/SampleFramework/Usage/HandsTrainExample/Prefabs/Windmill.prefab
  artifactKey: Guid(ea9f4525e71d0c44cb8b637506316a47) Importer(815301076,1909f56bfc062723c751e8b465ee728b)
Start importing Assets/Oculus/SampleFramework/Usage/HandsTrainExample/Prefabs/Windmill.prefab using Guid(ea9f4525e71d0c44cb8b637506316a47) Importer(815301076,1909f56bfc062723c751e8b465ee728b) WARNING: RGBA Compressed ASTC6X6 sRGB format is not supported, decompressing texture
WARNING: RGBA Compressed ASTC6X6 UNorm format is not supported, decompressing texture
WARNING: RGBA Compressed ASTC6X6 sRGB format is not supported, decompressing texture
WARNING: RGBA Compressed ASTC6X6 sRGB format is not supported, decompressing texture
WARNING: RGBA Compressed ASTC6X6 sRGB format is not supported, decompressing texture
 -> (artifact id: '12ae3d17748f74424e48d255c2c6c78f') in 0.291711 seconds 
========================================================================
Received Import Request.
  Time since last request: 0.000110 seconds.
  path: Assets/Oculus/SampleFramework/Usage/HandsTrainExample/Audio/Windmill_Rotate_Fast_Loop.wav
  artifactKey: Guid(2883b27e450c9164496330700b848f3f) Importer(815301076,1909f56bfc062723c751e8b465ee728b)
Start importing Assets/Oculus/SampleFramework/Usage/HandsTrainExample/Audio/Windmill_Rotate_Fast_Loop.wav using Guid(2883b27e450c9164496330700b848f3f) Importer(815301076,1909f56bfc062723c751e8b465ee728b)  -> (artifact id: 'e9325decad58d04457d5a546e2c25235') in 0.021820 seconds 
========================================================================
Received Import Request.
  Time since last request: 0.000083 seconds.
  path: Assets/Oculus/AudioManager/Audio/TestSounds/metal_sliding_door_close_01.wav
  artifactKey: Guid(485ac48a563e2bf44bb4de7ead5a1f68) Importer(815301076,1909f56bfc062723c751e8b465ee728b)
Start importing Assets/Oculus/AudioManager/Audio/TestSounds/metal_sliding_door_close_01.wav using Guid(485ac48a563e2bf44bb4de7ead5a1f68) Importer(815301076,1909f56bfc062723c751e8b465ee728b)  -> (artifact id: '36ae91118b6bbf22eeba1409de29b3aa') in 0.018939 seconds 
========================================================================
Received Import Request.
  Time since last request: 0.000132 seconds.
  path: Assets/Oculus/SampleFramework/Usage/HandsTrainExample/Audio/Windmill_Stop.wav
  artifactKey: Guid(48c8a43dd791b454e83cd3a256a4827d) Importer(815301076,1909f56bfc062723c751e8b465ee728b)
Start importing Assets/Oculus/SampleFramework/Usage/HandsTrainExample/Audio/Windmill_Stop.wav using Guid(48c8a43dd791b454e83cd3a256a4827d) Importer(815301076,1909f56bfc062723c751e8b465ee728b)  -> (artifact id: '1d8cf4efa80ccd8739446866c9346a9a') in 0.018374 seconds 
========================================================================
Received Import Request.
  Time since last request: 0.000127 seconds.
  path: Assets/Oculus/Interaction/Samples/Objects/Environment/Room/Models/SmallRoom.fbx
  artifactKey: Guid(78906942dba6db24ca155679a45f60ef) Importer(815301076,1909f56bfc062723c751e8b465ee728b)
Start importing Assets/Oculus/Interaction/Samples/Objects/Environment/Room/Models/SmallRoom.fbx using Guid(78906942dba6db24ca155679a45f60ef) Importer(815301076,1909f56bfc062723c751e8b465ee728b)  -> (artifact id: 'e0c6972ba8b51a705a07c84547f855f8') in 1.037307 seconds 
========================================================================
Received Import Request.
  Time since last request: 287.427362 seconds.
  path: Packages/com.unity.collab-proxy/Editor/PlasticSCM/Assets/Layouts/DownloadPlasticExeWindow.uxml
  artifactKey: Guid(3da0c7cf51d8e4b40a5af55a4ca63e4e) Importer(815301076,1909f56bfc062723c751e8b465ee728b)
Start importing Packages/com.unity.collab-proxy/Editor/PlasticSCM/Assets/Layouts/DownloadPlasticExeWindow.uxml using Guid(3da0c7cf51d8e4b40a5af55a4ca63e4e) Importer(815301076,1909f56bfc062723c751e8b465ee728b)  -> (artifact id: 'ed3f419bf08fafeea00edad0de475394') in 0.164848 seconds 
========================================================================
Received Import Request.
  Time since last request: 0.000095 seconds.
  path: Packages/com.unity.collab-proxy/Editor/PlasticSCM/Assets/Styles/PlasticWindow/PlasticWindow.dark.uss
  artifactKey: Guid(4d86c0522b1621f429b550217af2797d) Importer(815301076,1909f56bfc062723c751e8b465ee728b)
Start importing Packages/com.unity.collab-proxy/Editor/PlasticSCM/Assets/Styles/PlasticWindow/PlasticWindow.dark.uss using Guid(4d86c0522b1621f429b550217af2797d) Importer(815301076,1909f56bfc062723c751e8b465ee728b)  -> (artifact id: 'ed29c47db4ca3d7451033bc41a2deccf') in 0.146571 seconds 
========================================================================
Received Import Request.
  Time since last request: 0.000092 seconds.
  path: Packages/com.unity.collab-proxy/Editor/PlasticSCM/Assets/Layouts/TeamEditionConfigurationWindow.uxml
  artifactKey: Guid(26d3a583da6079145a52a8bef4beb6c5) Importer(815301076,1909f56bfc062723c751e8b465ee728b)
Start importing Packages/com.unity.collab-proxy/Editor/PlasticSCM/Assets/Layouts/TeamEditionConfigurationWindow.uxml using Guid(26d3a583da6079145a52a8bef4beb6c5) Importer(815301076,1909f56bfc062723c751e8b465ee728b)  -> (artifact id: 'eafa4e989573f85cb773f44ef6b65461') in 0.009534 seconds 
========================================================================
Received Import Request.
  Time since last request: 0.000093 seconds.
  path: Packages/com.unity.collab-proxy/Editor/Collaborate/Assets/Layouts/main-window.uxml
  artifactKey: Guid(0fc258eba97959a4bbc9d04f35188e88) Importer(815301076,1909f56bfc062723c751e8b465ee728b)
Start importing Packages/com.unity.collab-proxy/Editor/Collaborate/Assets/Layouts/main-window.uxml using Guid(0fc258eba97959a4bbc9d04f35188e88) Importer(815301076,1909f56bfc062723c751e8b465ee728b)  -> (artifact id: 'd3532ed38634ed3d9a7e993301141481') in 0.005312 seconds 
========================================================================
Received Import Request.
  Time since last request: 0.000114 seconds.
  path: Packages/com.unity.collab-proxy/Editor/PlasticSCM/Assets/Styles/PlasticWindow/PlasticWindow.uss
  artifactKey: Guid(8d1a06afc3c8d984da03d49bb949ef54) Importer(815301076,1909f56bfc062723c751e8b465ee728b)
Start importing Packages/com.unity.collab-proxy/Editor/PlasticSCM/Assets/Styles/PlasticWindow/PlasticWindow.uss using Guid(8d1a06afc3c8d984da03d49bb949ef54) Importer(815301076,1909f56bfc062723c751e8b465ee728b)  -> (artifact id: '02eb79212f03900784b68eed2ce1431b') in 0.006398 seconds 
========================================================================
Received Import Request.
  Time since last request: 0.000079 seconds.
  path: Packages/com.unity.collab-proxy/Editor/PlasticSCM/Assets/Styles/PlasticWindow/PlasticWindow.light.uss
  artifactKey: Guid(a2f1c1d1d67a2ff4e9db53ae0475bab1) Importer(815301076,1909f56bfc062723c751e8b465ee728b)
Start importing Packages/com.unity.collab-proxy/Editor/PlasticSCM/Assets/Styles/PlasticWindow/PlasticWindow.light.uss using Guid(a2f1c1d1d67a2ff4e9db53ae0475bab1) Importer(815301076,1909f56bfc062723c751e8b465ee728b)  -> (artifact id: 'ac982a995d9dbeac28089b6a1be36bf1') in 0.005101 seconds 
========================================================================
Received Import Request.
  Time since last request: 0.000103 seconds.
  path: Packages/com.unity.collab-proxy/Editor/PlasticSCM/Assets/Styles/TeamEditionConfigurationWindow.uss
  artifactKey: Guid(1cd69f37df825af4385cd9efe745fc30) Importer(815301076,1909f56bfc062723c751e8b465ee728b)
Start importing Packages/com.unity.collab-proxy/Editor/PlasticSCM/Assets/Styles/TeamEditionConfigurationWindow.uss using Guid(1cd69f37df825af4385cd9efe745fc30) Importer(815301076,1909f56bfc062723c751e8b465ee728b)  -> (artifact id: '007668d2921c798e6b094648b45dbfec') in 0.005770 seconds 
========================================================================
Received Import Request.
  Time since last request: 14.579419 seconds.
  path: Assets/Fire Assets
  artifactKey: Guid(53f9773d97b344c89a44cf750e42a050) Importer(815301076,1909f56bfc062723c751e8b465ee728b)
Start importing Assets/Fire Assets using Guid(53f9773d97b344c89a44cf750e42a050) Importer(815301076,1909f56bfc062723c751e8b465ee728b)  -> (artifact id: 'fdd1a26e7308f05bb3acd6d2d7a2e1fa') in 0.002487 seconds 
========================================================================
Received Import Request.
  Time since last request: 9.299664 seconds.
  path: Assets/Fire Assets/fireplace-practice-1.obj
  artifactKey: Guid(360f903babaeb458a87dd96841f74e64) Importer(815301076,1909f56bfc062723c751e8b465ee728b)
Start importing Assets/Fire Assets/fireplace-practice-1.obj using Guid(360f903babaeb458a87dd96841f74e64) Importer(815301076,1909f56bfc062723c751e8b465ee728b)  -> (artifact id: 'bb4470633b045a87001e8ac65d7519f9') in 3.065038 seconds 
========================================================================
Received Import Request.
  Time since last request: 153.852640 seconds.
  path: Assets/Oculus/Spatializer/scenes/materials/AmbisonicObject1.mat
  artifactKey: Guid(584662273d60a0f47bd7fecbb570e66e) Importer(815301076,1909f56bfc062723c751e8b465ee728b)
Start importing Assets/Oculus/Spatializer/scenes/materials/AmbisonicObject1.mat using Guid(584662273d60a0f47bd7fecbb570e66e) Importer(815301076,1909f56bfc062723c751e8b465ee728b)  -> (artifact id: 'efff4cfe3b3056c357497b41f14b5355') in 0.512875 seconds 
========================================================================
Received Import Request.
  Time since last request: 0.000095 seconds.
  path: Assets/Oculus/SampleFramework/Usage/Passthrough/Materials/BrushRing.mat
  artifactKey: Guid(fc831064da805784e84a86149c3671bb) Importer(815301076,1909f56bfc062723c751e8b465ee728b)
Start importing Assets/Oculus/SampleFramework/Usage/Passthrough/Materials/BrushRing.mat using Guid(fc831064da805784e84a86149c3671bb) Importer(815301076,1909f56bfc062723c751e8b465ee728b) WARNING: RGBA Compressed ASTC6X6 sRGB format is not supported, decompressing texture
 -> (artifact id: '528166e0787793de8861ecd54fa5f406') in 0.106551 seconds 
========================================================================
Received Import Request.
  Time since last request: 0.000114 seconds.
  path: Assets/Oculus/Interaction/Samples/Objects/Props/Box/Materials/BoxMat.mat
  artifactKey: Guid(63ceda150b6bfb443902555204d13348) Importer(815301076,1909f56bfc062723c751e8b465ee728b)
Start importing Assets/Oculus/Interaction/Samples/Objects/Props/Box/Materials/BoxMat.mat using Guid(63ceda150b6bfb443902555204d13348) Importer(815301076,1909f56bfc062723c751e8b465ee728b) WARNING: RGBA Compressed ASTC6X6 sRGB format is not supported, decompressing texture
WARNING: RGBA Compressed ASTC6X6 sRGB format is not supported, decompressing texture
 -> (artifact id: 'efc98514f0f151a97b2565631186cd12') in 0.419494 seconds 
========================================================================
Received Import Request.
  Time since last request: 0.000197 seconds.
  path: Assets/Oculus/SampleFramework/Usage/DistanceGrab/Materials/Ball03WithOutline.mat
  artifactKey: Guid(9cba9da727fd742f5b4083909359be0f) Importer(815301076,1909f56bfc062723c751e8b465ee728b)
Start importing Assets/Oculus/SampleFramework/Usage/DistanceGrab/Materials/Ball03WithOutline.mat using Guid(9cba9da727fd742f5b4083909359be0f) Importer(815301076,1909f56bfc062723c751e8b465ee728b) WARNING: RGBA Compressed ASTC6X6 sRGB format is not supported, decompressing texture
 -> (artifact id: '1105487ec8620fb84607649e119f93b3') in 0.115262 seconds 
========================================================================
Received Import Request.
  Time since last request: 0.000088 seconds.
  path: Assets/Oculus/SampleFramework/Usage/Passthrough/Materials/BlackUnlit.mat
  artifactKey: Guid(646da484d21bf48d887dedfb481d78f8) Importer(815301076,1909f56bfc062723c751e8b465ee728b)
Start importing Assets/Oculus/SampleFramework/Usage/Passthrough/Materials/BlackUnlit.mat using Guid(646da484d21bf48d887dedfb481d78f8) Importer(815301076,1909f56bfc062723c751e8b465ee728b)  -> (artifact id: 'b60bd16c212a88d9f4fd58b07a8c69fe') in 0.026795 seconds 
========================================================================
Received Import Request.
  Time since last request: 0.000100 seconds.
  path: Assets/Oculus/Interaction/Samples/Objects/Props/ChessPiece/Materials/ChessPieceMaterial.mat
  artifactKey: Guid(1ca71802d51bae64a8033f42a2b05713) Importer(815301076,1909f56bfc062723c751e8b465ee728b)
Start importing Assets/Oculus/Interaction/Samples/Objects/Props/ChessPiece/Materials/ChessPieceMaterial.mat using Guid(1ca71802d51bae64a8033f42a2b05713) Importer(815301076,1909f56bfc062723c751e8b465ee728b) WARNING: RGBA Compressed ASTC6X6 sRGB format is not supported, decompressing texture
 -> (artifact id: 'faedda4e8356506701e07643d17a9e0b') in 0.080423 seconds 
========================================================================
Received Import Request.
  Time since last request: 0.000087 seconds.
  path: Assets/Oculus/SampleFramework/Core/Locomotion/Materials/ColumnGlow.mat
  artifactKey: Guid(5e53c7a8c2e563c4c90a8fa620eebc2c) Importer(815301076,1909f56bfc062723c751e8b465ee728b)
Start importing Assets/Oculus/SampleFramework/Core/Locomotion/Materials/ColumnGlow.mat using Guid(5e53c7a8c2e563c4c90a8fa620eebc2c) Importer(815301076,1909f56bfc062723c751e8b465ee728b)  -> (artifact id: '094d23ab620acaf41908f67499d63e3e') in 0.023851 seconds 
========================================================================
Received Import Request.
  Time since last request: 0.000109 seconds.
  path: Assets/Oculus/SampleFramework/Usage/SceneManager/Materials/Ceiling.mat
  artifactKey: Guid(e84b08dfae603654ca8b369fa516ab8a) Importer(815301076,1909f56bfc062723c751e8b465ee728b)
Start importing Assets/Oculus/SampleFramework/Usage/SceneManager/Materials/Ceiling.mat using Guid(e84b08dfae603654ca8b369fa516ab8a) Importer(815301076,1909f56bfc062723c751e8b465ee728b)  -> (artifact id: 'c53db7208d6faa38b5994e9507ae103f') in 0.021426 seconds 
========================================================================
Received Import Request.
  Time since last request: 0.000082 seconds.
  path: Assets/Oculus/VR/Materials/BasicHandMaterial.mat
  artifactKey: Guid(5ba7d209f622bb44e87b47ce27ee27b7) Importer(815301076,1909f56bfc062723c751e8b465ee728b)
Start importing Assets/Oculus/VR/Materials/BasicHandMaterial.mat using Guid(5ba7d209f622bb44e87b47ce27ee27b7) Importer(815301076,1909f56bfc062723c751e8b465ee728b) WARNING: RGBA Compressed ASTC6X6 sRGB format is not supported, decompressing texture
 -> (artifact id: 'db666f565c6d39783fa702d6c111e7ee') in 0.345823 seconds 
========================================================================
Received Import Request.
  Time since last request: 0.000124 seconds.
  path: Assets/Oculus/SampleFramework/Usage/SceneManager/Materials/Desk.mat
  artifactKey: Guid(5e69d30c83932bd4088b3f65bfd0b98a) Importer(815301076,1909f56bfc062723c751e8b465ee728b)
Start importing Assets/Oculus/SampleFramework/Usage/SceneManager/Materials/Desk.mat using Guid(5e69d30c83932bd4088b3f65bfd0b98a) Importer(815301076,1909f56bfc062723c751e8b465ee728b)  -> (artifact id: 'e06bd00afaacf0dd3361d22640ca55a5') in 0.031218 seconds 
========================================================================
Received Import Request.
  Time since last request: 0.001858 seconds.
  path: Assets/Oculus/Interaction/Runtime/Materials/DistanceLine.mat
  artifactKey: Guid(6ca35ef23029a0243b2a3a93082a3c3d) Importer(815301076,1909f56bfc062723c751e8b465ee728b)
Start importing Assets/Oculus/Interaction/Runtime/Materials/DistanceLine.mat using Guid(6ca35ef23029a0243b2a3a93082a3c3d) Importer(815301076,1909f56bfc062723c751e8b465ee728b) Metal: Vertex or Fragment Shader "Custom/PolylineUnlit" requires a ComputeBuffer at index 2 to be bound, but none provided. Skipping draw calls to avoid crashing.
UnityEngine.StackTraceUtility:ExtractStackTrace () (at /Users/bokken/buildslave/unity/build/Runtime/Export/Scripting/StackTrace.cs:37)
UnityEditor.PreviewRenderUtility:Render (bool,bool) (at /Users/bokken/buildslave/unity/build/Editor/Mono/Inspector/PreviewRenderUtility.cs:534)
UnityEditor.MaterialEditor:DoRenderPreview (UnityEditor.PreviewRenderUtility,bool) (at /Users/bokken/buildslave/unity/build/Editor/Mono/Inspector/MaterialEditor.cs:2241)
UnityEditor.MaterialEditor:RenderStaticPreview (string,UnityEngine.Object[],int,int) (at /Users/bokken/buildslave/unity/build/Editor/Mono/Inspector/MaterialEditor.cs:2103)
UnityEditor.AssetPreviewUpdater:CreatePreview (UnityEngine.Object,UnityEngine.Object[],string,int,int) (at /Users/bokken/buildslave/unity/build/Editor/Mono/AssetPreviewUpdater.cs:38)
UnityEditor.AssetPreviewUpdater:CreatePreviewForAsset (UnityEngine.Object,UnityEngine.Object[],string) (at /Users/bokken/buildslave/unity/build/Editor/Mono/AssetPreviewUpdater.cs:9)

[/Users/bokken/buildslave/unity/build/Runtime/Export/Scripting/StackTrace.cs line 37]

 -> (artifact id: '49a6d14e1d724c1059fedbc40d699a2d') in 0.023954 seconds 
========================================================================
Received Import Request.
  Time since last request: 0.000080 seconds.
  path: Assets/Oculus/Interaction/Samples/Objects/Props/Materials/CubeMaterialGreen.mat
  artifactKey: Guid(2cc7f2461925b5c45a164db3cf15d942) Importer(815301076,1909f56bfc062723c751e8b465ee728b)
Start importing Assets/Oculus/Interaction/Samples/Objects/Props/Materials/CubeMaterialGreen.mat using Guid(2cc7f2461925b5c45a164db3cf15d942) Importer(815301076,1909f56bfc062723c751e8b465ee728b) WARNING: RGBA Compressed ASTC6X6 sRGB format is not supported, decompressing texture
 -> (artifact id: '9d63d1dbd78dafbe2c999de7ba0d25a1') in 0.048482 seconds 
========================================================================
Received Import Request.
  Time since last request: 0.000078 seconds.
  path: Assets/Oculus/SampleFramework/Usage/SpatialAnchor/Materials/Clear.mat
  artifactKey: Guid(15d1a592c297987428ced42437287bdd) Importer(815301076,1909f56bfc062723c751e8b465ee728b)
Start importing Assets/Oculus/SampleFramework/Usage/SpatialAnchor/Materials/Clear.mat using Guid(15d1a592c297987428ced42437287bdd) Importer(815301076,1909f56bfc062723c751e8b465ee728b)  -> (artifact id: '6edfd88069f120b1d29b4c4e517eea29') in 0.221232 seconds 
========================================================================
Received Import Request.
  Time since last request: 0.000139 seconds.
  path: Assets/Oculus/Interaction/Samples/Objects/Environment/MRDesk/Models/MRDeskShadow.fbx
  artifactKey: Guid(bb5c416ca94f7a34fbd14f26fa5a38e6) Importer(815301076,1909f56bfc062723c751e8b465ee728b)
Start importing Assets/Oculus/Interaction/Samples/Objects/Environment/MRDesk/Models/MRDeskShadow.fbx using Guid(bb5c416ca94f7a34fbd14f26fa5a38e6) Importer(815301076,1909f56bfc062723c751e8b465ee728b)  -> (artifact id: '86768db905767dbffbd2c6498f2ce3f6') in 0.065559 seconds 
========================================================================
Received Import Request.
  Time since last request: 0.000082 seconds.
  path: Assets/Oculus/SampleFramework/Usage/SharedAssets/Materials/Ball03.mat
  artifactKey: Guid(d73f8afe478afde498d6b36047a52c73) Importer(815301076,1909f56bfc062723c751e8b465ee728b)
Start importing Assets/Oculus/SampleFramework/Usage/SharedAssets/Materials/Ball03.mat using Guid(d73f8afe478afde498d6b36047a52c73) Importer(815301076,1909f56bfc062723c751e8b465ee728b) WARNING: RGBA Compressed ASTC6X6 sRGB format is not supported, decompressing texture
 -> (artifact id: '1f755cb216fdbd50ec7b8891f8ae41a0') in 0.306678 seconds 
========================================================================
Received Import Request.
  Time since last request: 0.000090 seconds.
  path: Assets/Oculus/Interaction/Samples/Objects/Props/WaterParticles/BubblePopParticle.fbx
  artifactKey: Guid(72c78ce3c437b6146a8939d3c0881f50) Importer(815301076,1909f56bfc062723c751e8b465ee728b)
Start importing Assets/Oculus/Interaction/Samples/Objects/Props/WaterParticles/BubblePopParticle.fbx using Guid(72c78ce3c437b6146a8939d3c0881f50) Importer(815301076,1909f56bfc062723c751e8b465ee728b)  -> (artifact id: 'f308f85a742905c9f75b624a685d2680') in 0.046037 seconds 
========================================================================
Received Import Request.
  Time since last request: 0.000116 seconds.
  path: Assets/Oculus/VR/Materials/CubeMaterial.mat
  artifactKey: Guid(62db2d638434d5a488dfb1e789e34b37) Importer(815301076,1909f56bfc062723c751e8b465ee728b)
Start importing Assets/Oculus/VR/Materials/CubeMaterial.mat using Guid(62db2d638434d5a488dfb1e789e34b37) Importer(815301076,1909f56bfc062723c751e8b465ee728b) WARNING: RGBA Compressed ASTC6X6 sRGB format is not supported, decompressing texture
 -> (artifact id: '07cc007433934788405c0e36af809f0f') in 0.056650 seconds 
========================================================================
Received Import Request.
  Time since last request: 0.000123 seconds.
  path: Assets/Oculus/SampleFramework/Usage/HandsTrainExample/Materials/ControllerBoxButtons.mat
  artifactKey: Guid(b3244fa82a3c4c748a0faa4e84afa36f) Importer(815301076,1909f56bfc062723c751e8b465ee728b)
Start importing Assets/Oculus/SampleFramework/Usage/HandsTrainExample/Materials/ControllerBoxButtons.mat using Guid(b3244fa82a3c4c748a0faa4e84afa36f) Importer(815301076,1909f56bfc062723c751e8b465ee728b) WARNING: RGBA Compressed ASTC6X6 sRGB format is not supported, decompressing texture
WARNING: RGBA Compressed ASTC6X6 UNorm format is not supported, decompressing texture
WARNING: RGBA Compressed ASTC6X6 sRGB format is not supported, decompressing texture
 -> (artifact id: '64b60e57d2579214b4bde371ce4504f5') in 0.227055 seconds 
========================================================================
Received Import Request.
  Time since last request: 0.000085 seconds.
  path: Assets/Oculus/SampleFramework/Usage/SharedAssets/Materials/Ball10.mat
  artifactKey: Guid(159194f8c47a59b44b6aeedaa2eaf336) Importer(815301076,1909f56bfc062723c751e8b465ee728b)
Start importing Assets/Oculus/SampleFramework/Usage/SharedAssets/Materials/Ball10.mat using Guid(159194f8c47a59b44b6aeedaa2eaf336) Importer(815301076,1909f56bfc062723c751e8b465ee728b) WARNING: RGBA Compressed ASTC6X6 sRGB format is not supported, decompressing texture
 -> (artifact id: '2ffe9f52cd64544f6f8c057c05338ba4') in 0.054845 seconds 
========================================================================
Received Import Request.
  Time since last request: 0.000081 seconds.
  path: Assets/Oculus/Interaction/Samples/Objects/Props/Materials/CubeMaterialBlue.mat
  artifactKey: Guid(d4b438dc8ad501b49a2690e746518b8e) Importer(815301076,1909f56bfc062723c751e8b465ee728b)
Start importing Assets/Oculus/Interaction/Samples/Objects/Props/Materials/CubeMaterialBlue.mat using Guid(d4b438dc8ad501b49a2690e746518b8e) Importer(815301076,1909f56bfc062723c751e8b465ee728b) WARNING: RGBA Compressed ASTC6X6 sRGB format is not supported, decompressing texture
 -> (artifact id: '00e44e83a24d864a67c14035fd8b48a0') in 0.019057 seconds 
========================================================================
Received Import Request.
  Time since last request: 0.000077 seconds.
  path: Assets/Oculus/Spatializer/scenes/Standard Assets/Character Controllers/Sources/PrototypeCharacter/Materials/constructor_done.mat
  artifactKey: Guid(ca49380a71a2bb64c830d06bd421b9d1) Importer(815301076,1909f56bfc062723c751e8b465ee728b)
Start importing Assets/Oculus/Spatializer/scenes/Standard Assets/Character Controllers/Sources/PrototypeCharacter/Materials/constructor_done.mat using Guid(ca49380a71a2bb64c830d06bd421b9d1) Importer(815301076,1909f56bfc062723c751e8b465ee728b) WARNING: RGBA Compressed ASTC6X6 sRGB format is not supported, decompressing texture
 -> (artifact id: 'ef846886ca04c0f92cd2e5d50e3593bd') in 0.091052 seconds 
========================================================================
Received Import Request.
  Time since last request: 0.000076 seconds.
  path: Assets/Oculus/SampleFramework/Usage/SceneManager/Materials/Blue.mat
  artifactKey: Guid(f0e40fc865770de4cb1577c051163a9d) Importer(815301076,1909f56bfc062723c751e8b465ee728b)
Start importing Assets/Oculus/SampleFramework/Usage/SceneManager/Materials/Blue.mat using Guid(f0e40fc865770de4cb1577c051163a9d) Importer(815301076,1909f56bfc062723c751e8b465ee728b)  -> (artifact id: '7c2a93866076d7e0b74bf125d6358a41') in 0.015184 seconds 
========================================================================
Received Import Request.
  Time since last request: 0.000070 seconds.
  path: Assets/Oculus/SampleFramework/Usage/HandsTrainExample/Materials/ControllerBoxGlow.mat
  artifactKey: Guid(a439cfb9369c1404d9db2e5580667b14) Importer(815301076,1909f56bfc062723c751e8b465ee728b)
Start importing Assets/Oculus/SampleFramework/Usage/HandsTrainExample/Materials/ControllerBoxGlow.mat using Guid(a439cfb9369c1404d9db2e5580667b14) Importer(815301076,1909f56bfc062723c751e8b465ee728b) WARNING: RGBA Compressed ASTC6X6 sRGB format is not supported, decompressing texture
 -> (artifact id: '7c40f382526e640a1c75a515a81ad924') in 0.036295 seconds 
========================================================================
Received Import Request.
  Time since last request: 0.000120 seconds.
  path: Assets/Oculus/SampleFramework/Usage/SpatialAnchor/Materials/Blue.mat
  artifactKey: Guid(1b68ffca77c4c6344af03830dbeca2ca) Importer(815301076,1909f56bfc062723c751e8b465ee728b)
Start importing Assets/Oculus/SampleFramework/Usage/SpatialAnchor/Materials/Blue.mat using Guid(1b68ffca77c4c6344af03830dbeca2ca) Importer(815301076,1909f56bfc062723c751e8b465ee728b)  -> (artifact id: 'c3d7c44c1d8560c65d46d988af949cf5') in 0.016160 seconds 
========================================================================
Received Import Request.
  Time since last request: 0.000120 seconds.
  path: Assets/Oculus/SampleFramework/Usage/Passthrough/Materials/Blue.mat
  artifactKey: Guid(a86f23e51babc544a8f3e240ffe9b263) Importer(815301076,1909f56bfc062723c751e8b465ee728b)
Start importing Assets/Oculus/SampleFramework/Usage/Passthrough/Materials/Blue.mat using Guid(a86f23e51babc544a8f3e240ffe9b263) Importer(815301076,1909f56bfc062723c751e8b465ee728b)  -> (artifact id: 'c537270f544a8e22f2d7cbe4be81284e') in 0.014758 seconds 
========================================================================
Received Import Request.
  Time since last request: 0.000226 seconds.
  path: Assets/Oculus/SampleFramework/Usage/HandsTrainExample/Materials/ControllerBox.mat
  artifactKey: Guid(520a8c6c6d409b44d921cd1e654d1807) Importer(815301076,1909f56bfc062723c751e8b465ee728b)
Start importing Assets/Oculus/SampleFramework/Usage/HandsTrainExample/Materials/ControllerBox.mat using Guid(520a8c6c6d409b44d921cd1e654d1807) Importer(815301076,1909f56bfc062723c751e8b465ee728b) WARNING: RGBA Compressed ASTC6X6 sRGB format is not supported, decompressing texture
WARNING: RGBA Compressed ASTC6X6 UNorm format is not supported, decompressing texture
WARNING: RGBA Compressed ASTC6X6 sRGB format is not supported, decompressing texture
 -> (artifact id: '900afb14bb1895d64ccb4955e568bb21') in 0.204738 seconds 
========================================================================
Received Import Request.
  Time since last request: 0.000090 seconds.
  path: Assets/Oculus/SampleFramework/Usage/SceneManager/Materials/Ball Visible.mat
  artifactKey: Guid(393d64b573215e544b8b5cc315e10d68) Importer(815301076,1909f56bfc062723c751e8b465ee728b)
Start importing Assets/Oculus/SampleFramework/Usage/SceneManager/Materials/Ball Visible.mat using Guid(393d64b573215e544b8b5cc315e10d68) Importer(815301076,1909f56bfc062723c751e8b465ee728b)  -> (artifact id: '14c34b3be9d5d3e6289c911cd11e0b00') in 0.021796 seconds 
========================================================================
Received Import Request.
  Time since last request: 0.000087 seconds.
  path: Assets/Oculus/SampleFramework/Usage/Locomotion/Materials/DebugDrawLine.mat
  artifactKey: Guid(b4fdc20717507cc48b28ef9db82f0d5f) Importer(815301076,1909f56bfc062723c751e8b465ee728b)
Start importing Assets/Oculus/SampleFramework/Usage/Locomotion/Materials/DebugDrawLine.mat using Guid(b4fdc20717507cc48b28ef9db82f0d5f) Importer(815301076,1909f56bfc062723c751e8b465ee728b)  -> (artifact id: '64df5d50e6757cd35c3ef0311484ed04') in 0.018822 seconds 
========================================================================
Received Import Request.
  Time since last request: 0.000074 seconds.
  path: Assets/Oculus/SampleFramework/Usage/SceneManager/Materials/Ball Hidden.mat
  artifactKey: Guid(9827083418370bd4383a7507ca039547) Importer(815301076,1909f56bfc062723c751e8b465ee728b)
Start importing Assets/Oculus/SampleFramework/Usage/SceneManager/Materials/Ball Hidden.mat using Guid(9827083418370bd4383a7507ca039547) Importer(815301076,1909f56bfc062723c751e8b465ee728b)  -> (artifact id: '753383da3286ebdee0f4c3e6fccba752') in 0.018778 seconds 
========================================================================
Received Import Request.
  Time since last request: 0.000088 seconds.
  path: Assets/Oculus/SampleFramework/Usage/DistanceGrab/Materials/Ball10WithOutline.mat
  artifactKey: Guid(d00d1a54e2eb041f4aaa2e3a08cd3e93) Importer(815301076,1909f56bfc062723c751e8b465ee728b)
Start importing Assets/Oculus/SampleFramework/Usage/DistanceGrab/Materials/Ball10WithOutline.mat using Guid(d00d1a54e2eb041f4aaa2e3a08cd3e93) Importer(815301076,1909f56bfc062723c751e8b465ee728b) WARNING: RGBA Compressed ASTC6X6 sRGB format is not supported, decompressing texture
 -> (artifact id: '276071cedcb1f27dcca421e378cd41b2') in 0.059502 seconds 
========================================================================
Received Import Request.
  Time since last request: 0.000105 seconds.
  path: Assets/Oculus/Interaction/Runtime/Materials/DistanceReticle.mat
  artifactKey: Guid(f76ac96be52ce764aa832df99e34d87a) Importer(815301076,1909f56bfc062723c751e8b465ee728b)
Start importing Assets/Oculus/Interaction/Runtime/Materials/DistanceReticle.mat using Guid(f76ac96be52ce764aa832df99e34d87a) Importer(815301076,1909f56bfc062723c751e8b465ee728b)  -> (artifact id: '482847af13196c20e3fb0320be7b2b87') in 0.022364 seconds 
========================================================================
Received Import Request.
  Time since last request: 0.000103 seconds.
  path: Assets/Oculus/Interaction/Samples/Objects/Props/BigStone/Materials/BigStoneMat.mat
  artifactKey: Guid(d786d4ccd0847a64f80d21ee6b07874f) Importer(815301076,1909f56bfc062723c751e8b465ee728b)
Start importing Assets/Oculus/Interaction/Samples/Objects/Props/BigStone/Materials/BigStoneMat.mat using Guid(d786d4ccd0847a64f80d21ee6b07874f) Importer(815301076,1909f56bfc062723c751e8b465ee728b) WARNING: RGBA Compressed ASTC6X6 sRGB format is not supported, decompressing texture
 -> (artifact id: 'd0f9e40b4a904a90212fe463fe3d2b32') in 0.063771 seconds 
========================================================================
Received Import Request.
  Time since last request: 0.000118 seconds.
  path: Assets/Oculus/SampleFramework/Usage/SceneManager/Materials/Couch.mat
  artifactKey: Guid(5f9c3db0cbc778540bbea776d0b2e858) Importer(815301076,1909f56bfc062723c751e8b465ee728b)
Start importing Assets/Oculus/SampleFramework/Usage/SceneManager/Materials/Couch.mat using Guid(5f9c3db0cbc778540bbea776d0b2e858) Importer(815301076,1909f56bfc062723c751e8b465ee728b)  -> (artifact id: '1d16254b1caae9d108495603044444b4') in 0.023971 seconds 
========================================================================
Received Import Request.
  Time since last request: 0.000081 seconds.
  path: Assets/Oculus/Interaction/Samples/Objects/Props/Cube/Materials/CubeMaterialWhite.mat
  artifactKey: Guid(00ec3138fe73b8748b19403e06357e71) Importer(815301076,1909f56bfc062723c751e8b465ee728b)
Start importing Assets/Oculus/Interaction/Samples/Objects/Props/Cube/Materials/CubeMaterialWhite.mat using Guid(00ec3138fe73b8748b19403e06357e71) Importer(815301076,1909f56bfc062723c751e8b465ee728b)  -> (artifact id: '1952f0e2a8ada656da539a7d790742ed') in 0.019536 seconds 
========================================================================
Received Import Request.
  Time since last request: 0.000997 seconds.
  path: Assets/Oculus/VR/Materials/cursor_timer_material.mat
  artifactKey: Guid(9531aa878fd5c4749b288b72024e8d2f) Importer(815301076,1909f56bfc062723c751e8b465ee728b)
Start importing Assets/Oculus/VR/Materials/cursor_timer_material.mat using Guid(9531aa878fd5c4749b288b72024e8d2f) Importer(815301076,1909f56bfc062723c751e8b465ee728b)  -> (artifact id: '7133abb25dcfa93f60d9d2da67f09794') in 0.033317 seconds 
========================================================================
Received Import Request.
  Time since last request: 0.000078 seconds.
  path: Assets/Oculus/SampleFramework/Core/HandsInteraction/Materials/DefaultHandMaterial.mat
  artifactKey: Guid(8f92ce6a2e9e04e458f46e6a635b1d62) Importer(815301076,1909f56bfc062723c751e8b465ee728b)
Start importing Assets/Oculus/SampleFramework/Core/HandsInteraction/Materials/DefaultHandMaterial.mat using Guid(8f92ce6a2e9e04e458f46e6a635b1d62) Importer(815301076,1909f56bfc062723c751e8b465ee728b)  -> (artifact id: 'f894246b06f981591b92114e65c3becb') in 0.137302 seconds 
========================================================================
Received Import Request.
  Time since last request: 0.000067 seconds.
  path: Assets/Oculus/Interaction/Samples/Objects/Props/BigRedButton/Materials/ButtonRingShadowMat.mat
  artifactKey: Guid(dab97cc97278e1542aca6d5c9daa46eb) Importer(815301076,1909f56bfc062723c751e8b465ee728b)
Start importing Assets/Oculus/Interaction/Samples/Objects/Props/BigRedButton/Materials/ButtonRingShadowMat.mat using Guid(dab97cc97278e1542aca6d5c9daa46eb) Importer(815301076,1909f56bfc062723c751e8b465ee728b) WARNING: RGBA Compressed ASTC6X6 sRGB format is not supported, decompressing texture
 -> (artifact id: '1db4237319f13893676414c50ca74e7f') in 0.055934 seconds 
========================================================================
Received Import Request.
  Time since last request: 0.000076 seconds.
  path: Assets/Oculus/VR/Materials/OVRTrackedKeyboard/BillboardMask.mat
  artifactKey: Guid(e5efaaa7295b60c4b99c88ff76db4d0c) Importer(815301076,1909f56bfc062723c751e8b465ee728b)
Start importing Assets/Oculus/VR/Materials/OVRTrackedKeyboard/BillboardMask.mat using Guid(e5efaaa7295b60c4b99c88ff76db4d0c) Importer(815301076,1909f56bfc062723c751e8b465ee728b)  -> (artifact id: 'fadcbb69a7d60bbeadef73a27840ca61') in 0.048908 seconds 
========================================================================
Received Import Request.
  Time since last request: 0.000068 seconds.
  path: Assets/Oculus/SampleFramework/Usage/SceneManager/Materials/DiffusedWhite.mat
  artifactKey: Guid(cef9aed54ef583f47b43a017bfe6b0e0) Importer(815301076,1909f56bfc062723c751e8b465ee728b)
Start importing Assets/Oculus/SampleFramework/Usage/SceneManager/Materials/DiffusedWhite.mat using Guid(cef9aed54ef583f47b43a017bfe6b0e0) Importer(815301076,1909f56bfc062723c751e8b465ee728b)  -> (artifact id: 'a6ed3b0d60898794e0e5bb67ec08fd59') in 0.016995 seconds 
========================================================================
Received Import Request.
  Time since last request: 0.168602 seconds.
  path: Assets/Oculus/Interaction/Samples/Objects/Props/Doll/Materials/DollMat.mat
  artifactKey: Guid(b2d9cd483d439ec4aa919e5489cb12b9) Importer(815301076,1909f56bfc062723c751e8b465ee728b)
Start importing Assets/Oculus/Interaction/Samples/Objects/Props/Doll/Materials/DollMat.mat using Guid(b2d9cd483d439ec4aa919e5489cb12b9) Importer(815301076,1909f56bfc062723c751e8b465ee728b) WARNING: RGBA Compressed ASTC6X6 sRGB format is not supported, decompressing texture
 -> (artifact id: '0eaac58b7fc5e6046edbbe8bde505bb4') in 0.066319 seconds 
========================================================================
Received Import Request.
  Time since last request: 0.000148 seconds.
  path: Assets/Oculus/SampleFramework/Usage/SceneManager/Materials/Fabric.mat
  artifactKey: Guid(aae5e920b8e06ca44af918d3f48f4ad5) Importer(815301076,1909f56bfc062723c751e8b465ee728b)
Start importing Assets/Oculus/SampleFramework/Usage/SceneManager/Materials/Fabric.mat using Guid(aae5e920b8e06ca44af918d3f48f4ad5) Importer(815301076,1909f56bfc062723c751e8b465ee728b)  -> (artifact id: 'c2a8118a697f6f078aabe9607f84fb1e') in 0.026509 seconds 
========================================================================
Received Import Request.
  Time since last request: 0.000084 seconds.
  path: Assets/Oculus/SampleFramework/Core/DebugUI/Fonts/Montserrat/Montserrat-LightItalic.ttf
  artifactKey: Guid(d30609de8a17cfb409c74b4302ca60e3) Importer(815301076,1909f56bfc062723c751e8b465ee728b)
Start importing Assets/Oculus/SampleFramework/Core/DebugUI/Fonts/Montserrat/Montserrat-LightItalic.ttf using Guid(d30609de8a17cfb409c74b4302ca60e3) Importer(815301076,1909f56bfc062723c751e8b465ee728b)  -> (artifact id: '2946de867e11e394991148c554881bed') in 1.736876 seconds 
========================================================================
Received Import Request.
  Time since last request: 0.000142 seconds.
  path: Assets/Oculus/SampleFramework/Usage/Passthrough/Prefabs/OculusLogo.fbx
  artifactKey: Guid(b2ff3fe2d8faa954bb86008c932356d5) Importer(815301076,1909f56bfc062723c751e8b465ee728b)
Start importing Assets/Oculus/SampleFramework/Usage/Passthrough/Prefabs/OculusLogo.fbx using Guid(b2ff3fe2d8faa954bb86008c932356d5) Importer(815301076,1909f56bfc062723c751e8b465ee728b)  -> (artifact id: 'a6457f97272620be95978161f05c62b8') in 0.051984 seconds 
========================================================================
Received Import Request.
  Time since last request: 0.000075 seconds.
  path: Assets/Oculus/SampleFramework/Usage/DistanceGrab/GroundMaterial.mat
  artifactKey: Guid(8d8daae58c69eef4e8ac3d976703af6b) Importer(815301076,1909f56bfc062723c751e8b465ee728b)
Start importing Assets/Oculus/SampleFramework/Usage/DistanceGrab/GroundMaterial.mat using Guid(8d8daae58c69eef4e8ac3d976703af6b) Importer(815301076,1909f56bfc062723c751e8b465ee728b)  -> (artifact id: '7d47b0c5275e213b11091018b0f2128b') in 0.022817 seconds 
========================================================================
Received Import Request.
  Time since last request: 0.000087 seconds.
  path: Assets/Oculus/Interaction/Samples/Objects/Props/MapWithPins/Materials/MapFrameMat.mat
  artifactKey: Guid(40fece458fc28b244be0f13bec5a2975) Importer(815301076,1909f56bfc062723c751e8b465ee728b)
Start importing Assets/Oculus/Interaction/Samples/Objects/Props/MapWithPins/Materials/MapFrameMat.mat using Guid(40fece458fc28b244be0f13bec5a2975) Importer(815301076,1909f56bfc062723c751e8b465ee728b) WARNING: RGBA Compressed ASTC6X6 sRGB format is not supported, decompressing texture
 -> (artifact id: '091f1db5232d12609e0bfb774fb7b870') in 0.049028 seconds 
========================================================================
Received Import Request.
  Time since last request: 0.000133 seconds.
  path: Assets/Oculus/SampleFramework/Core/TouchControllers/Materials/lambert1.mat
  artifactKey: Guid(3c839695eb4e10e448a959141b3abc7c) Importer(815301076,1909f56bfc062723c751e8b465ee728b)
Start importing Assets/Oculus/SampleFramework/Core/TouchControllers/Materials/lambert1.mat using Guid(3c839695eb4e10e448a959141b3abc7c) Importer(815301076,1909f56bfc062723c751e8b465ee728b)  -> (artifact id: '314270a0db6585e0f8b42221c9581233') in 0.021896 seconds 
========================================================================
Received Import Request.
  Time since last request: 0.000080 seconds.
  path: Assets/Oculus/SampleFramework/Usage/SpatialAnchor/Materials/IconBackground.mat
  artifactKey: Guid(5ec6b1df0a0620b44b46efcf07957ab3) Importer(815301076,1909f56bfc062723c751e8b465ee728b)
Start importing Assets/Oculus/SampleFramework/Usage/SpatialAnchor/Materials/IconBackground.mat using Guid(5ec6b1df0a0620b44b46efcf07957ab3) Importer(815301076,1909f56bfc062723c751e8b465ee728b)  -> (artifact id: '51d55321ae43441bc65e0df01bd69172') in 0.017146 seconds 
========================================================================
Received Import Request.
  Time since last request: 0.000094 seconds.
  path: Assets/Oculus/SampleFramework/Usage/SceneManager/Materials/InvisibleOccluder.mat
  artifactKey: Guid(b8bd68487053dd84fbf7fabc4b50bd16) Importer(815301076,1909f56bfc062723c751e8b465ee728b)
Start importing Assets/Oculus/SampleFramework/Usage/SceneManager/Materials/InvisibleOccluder.mat using Guid(b8bd68487053dd84fbf7fabc4b50bd16) Importer(815301076,1909f56bfc062723c751e8b465ee728b)  -> (artifact id: 'f2c7398bc6356b646801e6191cea5808') in 0.020349 seconds 
========================================================================
Received Import Request.
  Time since last request: 0.000111 seconds.
  path: Assets/Oculus/Interaction/Samples/Objects/Environment/SmallRoom/Models/smallRoom.fbx
  artifactKey: Guid(f7c82b9ce28f07e4fa7f50280661a061) Importer(815301076,1909f56bfc062723c751e8b465ee728b)
Start importing Assets/Oculus/Interaction/Samples/Objects/Environment/SmallRoom/Models/smallRoom.fbx using Guid(f7c82b9ce28f07e4fa7f50280661a061) Importer(815301076,1909f56bfc062723c751e8b465ee728b)  -> (artifact id: 'ed8d967c57fbcb141458f4826253ea05') in 0.159200 seconds 
========================================================================
Received Import Request.
  Time since last request: 0.000087 seconds.
  path: Assets/Oculus/Interaction/Samples/Objects/Props/Torch/Particles/Materials/Flame.mat
  artifactKey: Guid(3e65fe499b776f247904d42c1a65d082) Importer(815301076,1909f56bfc062723c751e8b465ee728b)
Start importing Assets/Oculus/Interaction/Samples/Objects/Props/Torch/Particles/Materials/Flame.mat using Guid(3e65fe499b776f247904d42c1a65d082) Importer(815301076,1909f56bfc062723c751e8b465ee728b) WARNING: RGBA Compressed ASTC6X6 sRGB format is not supported, decompressing texture
 -> (artifact id: '418f904245834c2197171e59ed6c5a04') in 0.140692 seconds 
========================================================================
Received Import Request.
  Time since last request: 0.000090 seconds.
  path: Assets/Oculus/SampleFramework/Usage/SpatialAnchor/Materials/LineMat.mat
  artifactKey: Guid(0cbffc4fb1a293742bc1585db8956773) Importer(815301076,1909f56bfc062723c751e8b465ee728b)
Start importing Assets/Oculus/SampleFramework/Usage/SpatialAnchor/Materials/LineMat.mat using Guid(0cbffc4fb1a293742bc1585db8956773) Importer(815301076,1909f56bfc062723c751e8b465ee728b)  -> (artifact id: 'd23ce8636f863a5412733b4939dd05d4') in 0.072767 seconds 
========================================================================
Received Import Request.
  Time since last request: 0.000083 seconds.
  path: Assets/Oculus/SampleFramework/Core/Locomotion/Materials/lambert1.mat
  artifactKey: Guid(24774b6e918e3c24a833857353a28b1b) Importer(815301076,1909f56bfc062723c751e8b465ee728b)
Start importing Assets/Oculus/SampleFramework/Core/Locomotion/Materials/lambert1.mat using Guid(24774b6e918e3c24a833857353a28b1b) Importer(815301076,1909f56bfc062723c751e8b465ee728b)  -> (artifact id: '0b5099829100d79a5fa2448ae727216d') in 0.023059 seconds 
========================================================================
Received Import Request.
  Time since last request: 0.000078 seconds.
  path: Assets/Oculus/SampleFramework/Core/DebugUI/Fonts/Montserrat/Montserrat-MediumItalic.ttf
  artifactKey: Guid(53b4534908f8f324d8ffe0fc5fa5a31f) Importer(815301076,1909f56bfc062723c751e8b465ee728b)
Start importing Assets/Oculus/SampleFramework/Core/DebugUI/Fonts/Montserrat/Montserrat-MediumItalic.ttf using Guid(53b4534908f8f324d8ffe0fc5fa5a31f) Importer(815301076,1909f56bfc062723c751e8b465ee728b)  -> (artifact id: 'b67811892839ec082cb0b4edb1384922') in 0.038251 seconds 
========================================================================
Received Import Request.
  Time since last request: 0.000394 seconds.
  path: Assets/Oculus/SampleFramework/Usage/Passthrough/Materials/DropShadow.mat
  artifactKey: Guid(453454162b59cff4e85715109e372e86) Importer(815301076,1909f56bfc062723c751e8b465ee728b)
Start importing Assets/Oculus/SampleFramework/Usage/Passthrough/Materials/DropShadow.mat using Guid(453454162b59cff4e85715109e372e86) Importer(815301076,1909f56bfc062723c751e8b465ee728b) WARNING: RGBA Compressed ASTC6X6 sRGB format is not supported, decompressing texture
 -> (artifact id: 'a0e47b5a2b84e67754ee69d9b456fec3') in 0.029716 seconds 
========================================================================
Received Import Request.
  Time since last request: 0.000108 seconds.
  path: Assets/Oculus/LipSync/Models/FemaleHead_Morph/Materials/hair.mat
  artifactKey: Guid(d0455a0ebc21e4c758037cb4b82bebd2) Importer(815301076,1909f56bfc062723c751e8b465ee728b)
Start importing Assets/Oculus/LipSync/Models/FemaleHead_Morph/Materials/hair.mat using Guid(d0455a0ebc21e4c758037cb4b82bebd2) Importer(815301076,1909f56bfc062723c751e8b465ee728b) WARNING: RGBA Compressed ASTC6X6 UNorm format is not supported, decompressing texture
 -> (artifact id: '81265f3cd46a74ce8b279b57dfd81204') in 0.302049 seconds 
========================================================================
Received Import Request.
  Time since last request: 0.000082 seconds.
  path: Assets/Oculus/VR/Meshes/HandTracking/OculusHand_R.fbx
  artifactKey: Guid(88e2e1bfe11ec6c438b0ade27eaeded1) Importer(815301076,1909f56bfc062723c751e8b465ee728b)
Start importing Assets/Oculus/VR/Meshes/HandTracking/OculusHand_R.fbx using Guid(88e2e1bfe11ec6c438b0ade27eaeded1) Importer(815301076,1909f56bfc062723c751e8b465ee728b)  -> (artifact id: '504699ecacad25c3a6c52af1d281a8ee') in 0.078054 seconds 
========================================================================
Received Import Request.
  Time since last request: 0.000084 seconds.
  path: Assets/Oculus/SampleFramework/Core/CustomHands/Models/HandMaterial.mat
  artifactKey: Guid(cc8c9e8a516866042b69a6919d0ab885) Importer(815301076,1909f56bfc062723c751e8b465ee728b)
Start importing Assets/Oculus/SampleFramework/Core/CustomHands/Models/HandMaterial.mat using Guid(cc8c9e8a516866042b69a6919d0ab885) Importer(815301076,1909f56bfc062723c751e8b465ee728b)  -> (artifact id: '9d4ae37e55517c9641d3fb247a9bac1a') in 0.019507 seconds 
========================================================================
Received Import Request.
  Time since last request: 0.000108 seconds.
  path: Assets/Oculus/SampleFramework/Usage/SharedAssets/Materials/GroundMat.mat
  artifactKey: Guid(7ae7dc43beb34534db810dee799107f1) Importer(815301076,1909f56bfc062723c751e8b465ee728b)
Start importing Assets/Oculus/SampleFramework/Usage/SharedAssets/Materials/GroundMat.mat using Guid(7ae7dc43beb34534db810dee799107f1) Importer(815301076,1909f56bfc062723c751e8b465ee728b)  -> (artifact id: 'fe80239e8bdd6ea82d5aa1b721e319ff') in 0.020784 seconds 
========================================================================
Received Import Request.
  Time since last request: 0.000153 seconds.
  path: Assets/Oculus/SampleFramework/Core/DebugUI/Fonts/Montserrat/Montserrat-BoldItalic.ttf
  artifactKey: Guid(440e99598766dbd40a4d8bc01445b5ca) Importer(815301076,1909f56bfc062723c751e8b465ee728b)
Start importing Assets/Oculus/SampleFramework/Core/DebugUI/Fonts/Montserrat/Montserrat-BoldItalic.ttf using Guid(440e99598766dbd40a4d8bc01445b5ca) Importer(815301076,1909f56bfc062723c751e8b465ee728b)  -> (artifact id: 'c8ffef45966d393bca99e8d8e6115299') in 0.039449 seconds 
========================================================================
Received Import Request.
  Time since last request: 0.000089 seconds.
  path: Assets/Oculus/Interaction/Runtime/Materials/GrabDebugSphere.mat
  artifactKey: Guid(f4b49debff9d269449879fc6f5991a83) Importer(815301076,1909f56bfc062723c751e8b465ee728b)
Start importing Assets/Oculus/Interaction/Runtime/Materials/GrabDebugSphere.mat using Guid(f4b49debff9d269449879fc6f5991a83) Importer(815301076,1909f56bfc062723c751e8b465ee728b)  -> (artifact id: '909bda1d4bbedaea313e2d2c7789250f') in 0.017857 seconds 
========================================================================
Received Import Request.
  Time since last request: 0.000812 seconds.
  path: Assets/Oculus/Interaction/Samples/Objects/Props/IconBox/Materials/iconBoxMaterial.mat
  artifactKey: Guid(d07b4fe945f100f4494504db069cf356) Importer(815301076,1909f56bfc062723c751e8b465ee728b)
Start importing Assets/Oculus/Interaction/Samples/Objects/Props/IconBox/Materials/iconBoxMaterial.mat using Guid(d07b4fe945f100f4494504db069cf356) Importer(815301076,1909f56bfc062723c751e8b465ee728b)  -> (artifact id: '53a4452ad0ec1d98e1a877aa8f7373fc') in 0.022776 seconds 
========================================================================
Received Import Request.
  Time since last request: 0.000066 seconds.
  path: Assets/Oculus/Interaction/Samples/Objects/Props/Torch/Particles/Materials/FlamePool.mat
  artifactKey: Guid(b16763e78b97b3846b0b387008718b25) Importer(815301076,1909f56bfc062723c751e8b465ee728b)
Start importing Assets/Oculus/Interaction/Samples/Objects/Props/Torch/Particles/Materials/FlamePool.mat using Guid(b16763e78b97b3846b0b387008718b25) Importer(815301076,1909f56bfc062723c751e8b465ee728b) WARNING: RGBA Compressed ASTC6X6 sRGB format is not supported, decompressing texture
 -> (artifact id: 'ec67d19d58f32e95588cb262825a5df9') in 0.027729 seconds 
========================================================================
Received Import Request.
  Time since last request: 0.000114 seconds.
  path: Assets/Oculus/SampleFramework/Usage/Passthrough/Materials/LogoWhite.mat
  artifactKey: Guid(2e648ffe2658c134cb6a4cb464c0e01e) Importer(815301076,1909f56bfc062723c751e8b465ee728b)
Start importing Assets/Oculus/SampleFramework/Usage/Passthrough/Materials/LogoWhite.mat using Guid(2e648ffe2658c134cb6a4cb464c0e01e) Importer(815301076,1909f56bfc062723c751e8b465ee728b)  -> (artifact id: 'cf924626b11805cc39461067ad1dcada') in 0.013112 seconds 
========================================================================
Received Import Request.
  Time since last request: 0.000090 seconds.
  path: Assets/Oculus/SampleFramework/Core/TouchControllers/Materials/L_controller_MAT.mat
  artifactKey: Guid(0ff51c0175f4bf74a85d0a8a5718b3d8) Importer(815301076,1909f56bfc062723c751e8b465ee728b)
Start importing Assets/Oculus/SampleFramework/Core/TouchControllers/Materials/L_controller_MAT.mat using Guid(0ff51c0175f4bf74a85d0a8a5718b3d8) Importer(815301076,1909f56bfc062723c751e8b465ee728b) WARNING: RGBA Compressed ASTC6X6 sRGB format is not supported, decompressing texture
 -> (artifact id: '577bf0a44bc866e7a79ad19dc2b95766') in 0.067493 seconds 
========================================================================
Received Import Request.
  Time since last request: 0.000127 seconds.
  path: Assets/Oculus/SampleFramework/Usage/Passthrough/Materials/HandMeshMask.mat
  artifactKey: Guid(86bd0db9d12fe4cafb0f57c9596dc64d) Importer(815301076,1909f56bfc062723c751e8b465ee728b)
Start importing Assets/Oculus/SampleFramework/Usage/Passthrough/Materials/HandMeshMask.mat using Guid(86bd0db9d12fe4cafb0f57c9596dc64d) Importer(815301076,1909f56bfc062723c751e8b465ee728b) WARNING: RGBA Compressed ASTC6X6 sRGB format is not supported, decompressing texture
 -> (artifact id: '9469398a07f11dec005ff48241c97f28') in 0.055108 seconds 
========================================================================
Received Import Request.
  Time since last request: 0.000082 seconds.
  path: Assets/Oculus/Interaction/Samples/Objects/Props/Key/Materials/keyMaterial.mat
  artifactKey: Guid(7fb7d92b75a939a4cad4df798b6dd591) Importer(815301076,1909f56bfc062723c751e8b465ee728b)
Start importing Assets/Oculus/Interaction/Samples/Objects/Props/Key/Materials/keyMaterial.mat using Guid(7fb7d92b75a939a4cad4df798b6dd591) Importer(815301076,1909f56bfc062723c751e8b465ee728b) WARNING: RGBA Compressed ASTC6X6 sRGB format is not supported, decompressing texture
 -> (artifact id: '0183c6b49728a7ac0a28d4eec2e9160f') in 0.040437 seconds 
========================================================================
Received Import Request.
  Time since last request: 0.000095 seconds.
  path: Assets/Oculus/Interaction/Runtime/Materials/DotGridUnlit.mat
  artifactKey: Guid(c8abc1d05afcf524eb9f7657ed06700d) Importer(815301076,1909f56bfc062723c751e8b465ee728b)
Start importing Assets/Oculus/Interaction/Runtime/Materials/DotGridUnlit.mat using Guid(c8abc1d05afcf524eb9f7657ed06700d) Importer(815301076,1909f56bfc062723c751e8b465ee728b)  -> (artifact id: '3ea5823dcb0ac0c189c84c0b3c9f2ab4') in 0.077397 seconds 
========================================================================
Received Import Request.
  Time since last request: 0.000072 seconds.
  path: Assets/Oculus/SampleFramework/Core/DebugUI/Fonts/Montserrat/Montserrat-Light.ttf
  artifactKey: Guid(4c90d3c4d98a33647872e06a6f654f9f) Importer(815301076,1909f56bfc062723c751e8b465ee728b)
Start importing Assets/Oculus/SampleFramework/Core/DebugUI/Fonts/Montserrat/Montserrat-Light.ttf using Guid(4c90d3c4d98a33647872e06a6f654f9f) Importer(815301076,1909f56bfc062723c751e8b465ee728b)  -> (artifact id: '64fa7cb90c49f698c0e779e538cd4b8b') in 0.027750 seconds 
========================================================================
Received Import Request.
  Time since last request: 0.000100 seconds.
  path: Assets/Oculus/SampleFramework/Core/TouchControllers/Materials/L_controller_DIF.mat
  artifactKey: Guid(118a17c2d26838c41bded758d70cb036) Importer(815301076,1909f56bfc062723c751e8b465ee728b)
Start importing Assets/Oculus/SampleFramework/Core/TouchControllers/Materials/L_controller_DIF.mat using Guid(118a17c2d26838c41bded758d70cb036) Importer(815301076,1909f56bfc062723c751e8b465ee728b)  -> (artifact id: 'f8e557174fc6e10c99fcbcbfbd42c24a') in 0.327276 seconds 
========================================================================
Received Import Request.
  Time since last request: 0.000108 seconds.
  path: Assets/Oculus/VR/Meshes/HandTracking/OculusHand_L.fbx
  artifactKey: Guid(442d5b4503ed83c4897ef44659446587) Importer(815301076,1909f56bfc062723c751e8b465ee728b)
Start importing Assets/Oculus/VR/Meshes/HandTracking/OculusHand_L.fbx using Guid(442d5b4503ed83c4897ef44659446587) Importer(815301076,1909f56bfc062723c751e8b465ee728b)  -> (artifact id: '129e596fedecc005fece2ddb2d246094') in 0.055835 seconds 
========================================================================
Received Import Request.
  Time since last request: 0.000086 seconds.
  path: Assets/Oculus/LipSync/Models/RobotHead_TextureFlip/Materials/Head-2.mat
  artifactKey: Guid(b8f002f88e9d7e847b5306f3338f80db) Importer(815301076,1909f56bfc062723c751e8b465ee728b)
Start importing Assets/Oculus/LipSync/Models/RobotHead_TextureFlip/Materials/Head-2.mat using Guid(b8f002f88e9d7e847b5306f3338f80db) Importer(815301076,1909f56bfc062723c751e8b465ee728b) WARNING: RGBA Compressed ASTC6X6 sRGB format is not supported, decompressing texture
 -> (artifact id: '55acc1eeaa61e196a78b8a6b9a68e199') in 0.189490 seconds 
========================================================================
Received Import Request.
  Time since last request: 0.000073 seconds.
  path: Assets/Oculus/SampleFramework/Usage/Passthrough/Materials/HandMeshMaskDebug.mat
  artifactKey: Guid(39aedcfe39f8a49159ed27422df8de27) Importer(815301076,1909f56bfc062723c751e8b465ee728b)
Start importing Assets/Oculus/SampleFramework/Usage/Passthrough/Materials/HandMeshMaskDebug.mat using Guid(39aedcfe39f8a49159ed27422df8de27) Importer(815301076,1909f56bfc062723c751e8b465ee728b) WARNING: RGBA Compressed ASTC6X6 sRGB format is not supported, decompressing texture
 -> (artifact id: '9938b5db81d2818dbb5bb39ef3132fc8') in 0.025216 seconds 
========================================================================
Received Import Request.
  Time since last request: 0.000074 seconds.
  path: Assets/Oculus/Spatializer/scenes/materials/Ground.mat
  artifactKey: Guid(e121bf11a9143914dbafa9e733415f2a) Importer(815301076,1909f56bfc062723c751e8b465ee728b)
Start importing Assets/Oculus/Spatializer/scenes/materials/Ground.mat using Guid(e121bf11a9143914dbafa9e733415f2a) Importer(815301076,1909f56bfc062723c751e8b465ee728b)  -> (artifact id: '9a88a0bc7beb618e6caee5886b9c7da1') in 0.020654 seconds 
========================================================================
Received Import Request.
  Time since last request: 0.000095 seconds.
  path: Assets/Oculus/VR/Materials/gaze_cursor.mat
  artifactKey: Guid(7f31de375e167154aa45929466af30e4) Importer(815301076,1909f56bfc062723c751e8b465ee728b)
Start importing Assets/Oculus/VR/Materials/gaze_cursor.mat using Guid(7f31de375e167154aa45929466af30e4) Importer(815301076,1909f56bfc062723c751e8b465ee728b)  -> (artifact id: '7bfd2c4f26ca14ba6592099967779cbe') in 0.029080 seconds 
========================================================================
Received Import Request.
  Time since last request: 0.000090 seconds.
  path: Assets/Oculus/SampleFramework/Core/DebugUI/Fonts/Montserrat/Montserrat-Bold.ttf
  artifactKey: Guid(7e89e80fce8fc06478c726f2f3de7863) Importer(815301076,1909f56bfc062723c751e8b465ee728b)
Start importing Assets/Oculus/SampleFramework/Core/DebugUI/Fonts/Montserrat/Montserrat-Bold.ttf using Guid(7e89e80fce8fc06478c726f2f3de7863) Importer(815301076,1909f56bfc062723c751e8b465ee728b)  -> (artifact id: 'b7f01c25a684ea7cc0c5d33d28963b8c') in 0.029619 seconds 
========================================================================
Received Import Request.
  Time since last request: 0.000088 seconds.
  path: Assets/Oculus/Interaction/Samples/Objects/Environment/MRDesk/Models/MRDesk.fbx
  artifactKey: Guid(c52c4e4029c7cc547a033db8b08dd4eb) Importer(815301076,1909f56bfc062723c751e8b465ee728b)
Start importing Assets/Oculus/Interaction/Samples/Objects/Environment/MRDesk/Models/MRDesk.fbx using Guid(c52c4e4029c7cc547a033db8b08dd4eb) Importer(815301076,1909f56bfc062723c751e8b465ee728b)  -> (artifact id: '2afe266b7f82168d1147bd30d3d2151a') in 0.047815 seconds 
========================================================================
Received Import Request.
  Time since last request: 0.000078 seconds.
  path: Assets/Oculus/SampleFramework/Usage/HandsTrainExample/Materials/GridMat.mat
  artifactKey: Guid(ef9e1306ede8d0f48b798c2341d75ffc) Importer(815301076,1909f56bfc062723c751e8b465ee728b)
Start importing Assets/Oculus/SampleFramework/Usage/HandsTrainExample/Materials/GridMat.mat using Guid(ef9e1306ede8d0f48b798c2341d75ffc) Importer(815301076,1909f56bfc062723c751e8b465ee728b) WARNING: RGBA Compressed ASTC6X6 sRGB format is not supported, decompressing texture
 -> (artifact id: '88420c394a8b2efe534a1c49601f386d') in 0.030285 seconds 
========================================================================
Received Import Request.
  Time since last request: 0.000076 seconds.
  path: Assets/Oculus/SampleFramework/Usage/Passthrough/Materials/FatHand.mat
  artifactKey: Guid(ab04d9fb6b1844341887a1606c641c42) Importer(815301076,1909f56bfc062723c751e8b465ee728b)
Start importing Assets/Oculus/SampleFramework/Usage/Passthrough/Materials/FatHand.mat using Guid(ab04d9fb6b1844341887a1606c641c42) Importer(815301076,1909f56bfc062723c751e8b465ee728b) WARNING: RGBA Compressed ASTC6X6 sRGB format is not supported, decompressing texture
 -> (artifact id: '67d60b9828bcc3994375e55bc70654e5') in 0.057210 seconds 
========================================================================
Received Import Request.
  Time since last request: 0.000091 seconds.
  path: Assets/Oculus/SampleFramework/Usage/Locomotion/Materials/GroundMat.mat
  artifactKey: Guid(1f0c317a1c26f8a4285902639d3d1a0c) Importer(815301076,1909f56bfc062723c751e8b465ee728b)
Start importing Assets/Oculus/SampleFramework/Usage/Locomotion/Materials/GroundMat.mat using Guid(1f0c317a1c26f8a4285902639d3d1a0c) Importer(815301076,1909f56bfc062723c751e8b465ee728b)  -> (artifact id: '10b844503318044f93de752d9aabf0c5') in 0.024040 seconds 
========================================================================
Received Import Request.
  Time since last request: 0.000087 seconds.
  path: Assets/Oculus/Interaction/Samples/Objects/Environment/Screen/Materials/FrameMaterial.mat
  artifactKey: Guid(66ad1818cc27f3840b0350726d52fa3d) Importer(815301076,1909f56bfc062723c751e8b465ee728b)
Start importing Assets/Oculus/Interaction/Samples/Objects/Environment/Screen/Materials/FrameMaterial.mat using Guid(66ad1818cc27f3840b0350726d52fa3d) Importer(815301076,1909f56bfc062723c751e8b465ee728b) WARNING: RGBA Compressed ASTC6X6 sRGB format is not supported, decompressing texture
 -> (artifact id: '4736ded734688b40b85788e080238a94') in 0.032645 seconds 
========================================================================
Received Import Request.
  Time since last request: 0.000117 seconds.
  path: Assets/Oculus/SampleFramework/Usage/Passthrough/Materials/FlashlightGlow.mat
  artifactKey: Guid(0f3abb54da8820c4891cbee10f6f037e) Importer(815301076,1909f56bfc062723c751e8b465ee728b)
Start importing Assets/Oculus/SampleFramework/Usage/Passthrough/Materials/FlashlightGlow.mat using Guid(0f3abb54da8820c4891cbee10f6f037e) Importer(815301076,1909f56bfc062723c751e8b465ee728b)  -> (artifact id: 'd1d888211a686a734307fdfd49664fc2') in 0.018657 seconds 
========================================================================
Received Import Request.
  Time since last request: 0.000155 seconds.
  path: Assets/Oculus/LipSync/Models/FemaleHead_Morph/Materials/eyelashes.mat
  artifactKey: Guid(e906d4c6bf3304d5dac06eee4fe24c54) Importer(815301076,1909f56bfc062723c751e8b465ee728b)
Start importing Assets/Oculus/LipSync/Models/FemaleHead_Morph/Materials/eyelashes.mat using Guid(e906d4c6bf3304d5dac06eee4fe24c54) Importer(815301076,1909f56bfc062723c751e8b465ee728b) WARNING: RGBA Compressed ASTC6X6 sRGB format is not supported, decompressing texture
WARNING: RGBA Compressed ASTC6X6 UNorm format is not supported, decompressing texture
 -> (artifact id: 'ff0733421a39785e65b3218b93e959fb') in 0.610199 seconds 
========================================================================
Received Import Request.
  Time since last request: 0.000120 seconds.
  path: Assets/Oculus/SampleFramework/Usage/SpatialAnchor/Materials/Green.mat
  artifactKey: Guid(2512827267cc0da4a90ecb92fd35043b) Importer(815301076,1909f56bfc062723c751e8b465ee728b)
Start importing Assets/Oculus/SampleFramework/Usage/SpatialAnchor/Materials/Green.mat using Guid(2512827267cc0da4a90ecb92fd35043b) Importer(815301076,1909f56bfc062723c751e8b465ee728b)  -> (artifact id: '07e35474cabcd9b1b9ba00fa4cae7cd1') in 0.027973 seconds 
========================================================================
Received Import Request.
  Time since last request: 0.000088 seconds.
  path: Assets/Oculus/Interaction/Samples/Materials/FramePoseTwoHandedParticle.mat
  artifactKey: Guid(4f0bfa166f8d21e4f8b433ae64c0c0c0) Importer(815301076,1909f56bfc062723c751e8b465ee728b)
Start importing Assets/Oculus/Interaction/Samples/Materials/FramePoseTwoHandedParticle.mat using Guid(4f0bfa166f8d21e4f8b433ae64c0c0c0) Importer(815301076,1909f56bfc062723c751e8b465ee728b) WARNING: RGBA Compressed ASTC4X4 sRGB format is not supported, decompressing texture
 -> (artifact id: 'a586652a69e9fd9f6adae784de1097f6') in 0.032816 seconds 
========================================================================
Received Import Request.
  Time since last request: 0.004773 seconds.
  path: Assets/Oculus/Interaction/Samples/Objects/Environment/Screen/Models/ScreenMesh.fbx
  artifactKey: Guid(5dd40ba251cb98747a696b72bc347fe9) Importer(815301076,1909f56bfc062723c751e8b465ee728b)
Start importing Assets/Oculus/Interaction/Samples/Objects/Environment/Screen/Models/ScreenMesh.fbx using Guid(5dd40ba251cb98747a696b72bc347fe9) Importer(815301076,1909f56bfc062723c751e8b465ee728b)  -> (artifact id: 'dec5f38a3cb3caeed7b7953d6d08408d') in 0.063780 seconds 
========================================================================
Received Import Request.
  Time since last request: 0.000120 seconds.
  path: Assets/Oculus/Interaction/Samples/Objects/Props/MapWithPins/Materials/MapMat.mat
  artifactKey: Guid(75c836cb04e7d124b9c2829fd90ab362) Importer(815301076,1909f56bfc062723c751e8b465ee728b)
Start importing Assets/Oculus/Interaction/Samples/Objects/Props/MapWithPins/Materials/MapMat.mat using Guid(75c836cb04e7d124b9c2829fd90ab362) Importer(815301076,1909f56bfc062723c751e8b465ee728b) WARNING: RGBA Compressed ASTC6X6 sRGB format is not supported, decompressing texture
 -> (artifact id: 'adcb3122d343c296f2ef17d3f38903be') in 0.054246 seconds 
========================================================================
Received Import Request.
  Time since last request: 0.000106 seconds.
  path: Assets/Oculus/Interaction/Samples/Objects/Props/Cube/Models/CubeMesh.fbx
  artifactKey: Guid(2d1094ca45d7fbb4bb2fc2ba8b406ba0) Importer(815301076,1909f56bfc062723c751e8b465ee728b)
Start importing Assets/Oculus/Interaction/Samples/Objects/Props/Cube/Models/CubeMesh.fbx using Guid(2d1094ca45d7fbb4bb2fc2ba8b406ba0) Importer(815301076,1909f56bfc062723c751e8b465ee728b)  -> (artifact id: 'c11cf074133f6d39ff5d78cc5853e7e3') in 0.065124 seconds 
========================================================================
Received Import Request.
  Time since last request: 0.000105 seconds.
  path: Assets/Oculus/SampleFramework/Core/Locomotion/Models/DestinationIndicatorSimple.fbx
  artifactKey: Guid(823dc0eb5b064e14da00166d21f93fef) Importer(815301076,1909f56bfc062723c751e8b465ee728b)
Start importing Assets/Oculus/SampleFramework/Core/Locomotion/Models/DestinationIndicatorSimple.fbx using Guid(823dc0eb5b064e14da00166d21f93fef) Importer(815301076,1909f56bfc062723c751e8b465ee728b)  -> (artifact id: '51792611bf9e08e77e1f5612c76d18bd') in 0.054663 seconds 
========================================================================
Received Import Request.
  Time since last request: 0.000082 seconds.
  path: Assets/Oculus/SampleFramework/Usage/SceneManager/Materials/Green.mat
  artifactKey: Guid(302477ffe5025c8418b312bcaf88563f) Importer(815301076,1909f56bfc062723c751e8b465ee728b)
Start importing Assets/Oculus/SampleFramework/Usage/SceneManager/Materials/Green.mat using Guid(302477ffe5025c8418b312bcaf88563f) Importer(815301076,1909f56bfc062723c751e8b465ee728b)  -> (artifact id: 'c62c1c7e28dccb8b3a3c0dfbb386b859') in 0.017268 seconds 
========================================================================
Received Import Request.
  Time since last request: 0.000113 seconds.
  path: Assets/Oculus/SampleFramework/Usage/SpatialAnchor/Materials/IconAnchor.mat
  artifactKey: Guid(befcd1ef2cd28244a86619559833f221) Importer(815301076,1909f56bfc062723c751e8b465ee728b)
Start importing Assets/Oculus/SampleFramework/Usage/SpatialAnchor/Materials/IconAnchor.mat using Guid(befcd1ef2cd28244a86619559833f221) Importer(815301076,1909f56bfc062723c751e8b465ee728b)  -> (artifact id: '249beea40140096984dce2f83c6087db') in 0.019135 seconds 
========================================================================
Received Import Request.
  Time since last request: 0.000142 seconds.
  path: Assets/Oculus/SampleFramework/Core/TouchControllers/Materials/L_controller_gloss_MAT.mat
  artifactKey: Guid(165c00e6a6441ba4c928870ca72b6395) Importer(815301076,1909f56bfc062723c751e8b465ee728b)
Start importing Assets/Oculus/SampleFramework/Core/TouchControllers/Materials/L_controller_gloss_MAT.mat using Guid(165c00e6a6441ba4c928870ca72b6395) Importer(815301076,1909f56bfc062723c751e8b465ee728b) WARNING: RGBA Compressed ASTC6X6 sRGB format is not supported, decompressing texture
 -> (artifact id: 'e962017943b0a035f9553f32ec956653') in 0.070480 seconds 
========================================================================
Received Import Request.
  Time since last request: 0.000171 seconds.
  path: Assets/Oculus/SampleFramework/Usage/Passthrough/Materials/Graffiti.mat
  artifactKey: Guid(dd331cc38e3258643bf0d3d221718362) Importer(815301076,1909f56bfc062723c751e8b465ee728b)
Start importing Assets/Oculus/SampleFramework/Usage/Passthrough/Materials/Graffiti.mat using Guid(dd331cc38e3258643bf0d3d221718362) Importer(815301076,1909f56bfc062723c751e8b465ee728b) WARNING: RGBA Compressed ASTC6X6 sRGB format is not supported, decompressing texture
 -> (artifact id: 'aa9d67a8e33d78afd5b7e91d463d3348') in 0.119753 seconds 
========================================================================
Received Import Request.
  Time since last request: 0.000072 seconds.
  path: Assets/Oculus/VR/Materials/GazePointer.mat
  artifactKey: Guid(3fac3b9744290eb4c89b0e4ffd5fe085) Importer(815301076,1909f56bfc062723c751e8b465ee728b)
Start importing Assets/Oculus/VR/Materials/GazePointer.mat using Guid(3fac3b9744290eb4c89b0e4ffd5fe085) Importer(815301076,1909f56bfc062723c751e8b465ee728b) WARNING: RGBA Compressed ASTC6X6 sRGB format is not supported, decompressing texture
 -> (artifact id: '29aee9e6153ad9eaf0c604d7d5841e61') in 0.030421 seconds 
========================================================================
Received Import Request.
  Time since last request: 0.000132 seconds.
  path: Assets/Oculus/SampleFramework/Core/DebugUI/Fonts/Montserrat/Montserrat-Medium.ttf
  artifactKey: Guid(6921a454aa104cf47a67f59c64acaa17) Importer(815301076,1909f56bfc062723c751e8b465ee728b)
Start importing Assets/Oculus/SampleFramework/Core/DebugUI/Fonts/Montserrat/Montserrat-Medium.ttf using Guid(6921a454aa104cf47a67f59c64acaa17) Importer(815301076,1909f56bfc062723c751e8b465ee728b)  -> (artifact id: 'dc7b36655e7f2d8fb202cf73e28e86d2') in 0.034226 seconds 
